<?xml version="1.0" encoding="UTF-8"?>
<robot generator="Robot 6.1.1 (Python 3.12.0 on darwin)" generated="20250806 14:49:09.836" rpa="false" schemaversion="4">
<suite id="s1" name="InstantSuite" source="/Users/muhammad.anggadirja/Documents/kardoos/TestSuite/InstantSuite.robot">
<kw name="Begin Web Test" library="dev" type="SETUP">
<kw name="Remove Files" library="OperatingSystem">
<arg>/Users/muhammad.anggadirja/Documents/kardoos/report/*.png</arg>
<doc>Uses `Remove File` to remove multiple files one-by-one.</doc>
<msg timestamp="20250806 14:49:10.312" level="INFO" html="true">Removed file '&lt;a href="file:///Users/muhammad.anggadirja/Documents/kardoos/report/selenium-screenshot-3.png"&gt;/Users/muhammad.anggadirja/Documents/kardoos/report/selenium-screenshot-3.png&lt;/a&gt;'.</msg>
<msg timestamp="20250806 14:49:10.312" level="INFO" html="true">Removed file '&lt;a href="file:///Users/muhammad.anggadirja/Documents/kardoos/report/selenium-screenshot-2.png"&gt;/Users/muhammad.anggadirja/Documents/kardoos/report/selenium-screenshot-2.png&lt;/a&gt;'.</msg>
<msg timestamp="20250806 14:49:10.313" level="INFO" html="true">Removed file '&lt;a href="file:///Users/muhammad.anggadirja/Documents/kardoos/report/selenium-screenshot-1.png"&gt;/Users/muhammad.anggadirja/Documents/kardoos/report/selenium-screenshot-1.png&lt;/a&gt;'.</msg>
<msg timestamp="20250806 14:49:10.313" level="INFO" html="true">Removed file '&lt;a href="file:///Users/muhammad.anggadirja/Documents/kardoos/report/selenium-screenshot-5.png"&gt;/Users/muhammad.anggadirja/Documents/kardoos/report/selenium-screenshot-5.png&lt;/a&gt;'.</msg>
<msg timestamp="20250806 14:49:10.313" level="INFO" html="true">Removed file '&lt;a href="file:///Users/muhammad.anggadirja/Documents/kardoos/report/selenium-screenshot-4.png"&gt;/Users/muhammad.anggadirja/Documents/kardoos/report/selenium-screenshot-4.png&lt;/a&gt;'.</msg>
<msg timestamp="20250806 14:49:10.313" level="INFO" html="true">Removed file '&lt;a href="file:///Users/muhammad.anggadirja/Documents/kardoos/report/selenium-screenshot-6.png"&gt;/Users/muhammad.anggadirja/Documents/kardoos/report/selenium-screenshot-6.png&lt;/a&gt;'.</msg>
<msg timestamp="20250806 14:49:10.314" level="INFO" html="true">Removed file '&lt;a href="file:///Users/muhammad.anggadirja/Documents/kardoos/report/selenium-screenshot-7.png"&gt;/Users/muhammad.anggadirja/Documents/kardoos/report/selenium-screenshot-7.png&lt;/a&gt;'.</msg>
<msg timestamp="20250806 14:49:10.314" level="INFO" html="true">Removed file '&lt;a href="file:///Users/muhammad.anggadirja/Documents/kardoos/report/selenium-screenshot-8.png"&gt;/Users/muhammad.anggadirja/Documents/kardoos/report/selenium-screenshot-8.png&lt;/a&gt;'.</msg>
<status status="PASS" starttime="20250806 14:49:10.311" endtime="20250806 14:49:10.314"/>
</kw>
<kw name="Open Browser" library="SeleniumLibrary">
<arg>about:blank</arg>
<arg>${BROWSER}</arg>
<arg>options=add_argument("--headless=new")</arg>
<doc>Opens a new browser instance to the optional ``url``.</doc>
<msg timestamp="20250806 14:49:10.315" level="INFO">Opening browser 'chrome' to base url 'about:blank'.</msg>
<status status="PASS" starttime="20250806 14:49:10.314" endtime="20250806 14:49:12.110"/>
</kw>
<kw name="Set Window Size" library="SeleniumLibrary">
<arg>1920</arg>
<arg>1080</arg>
<doc>Sets current windows size to given ``width`` and ``height``.</doc>
<status status="PASS" starttime="20250806 14:49:12.110" endtime="20250806 14:49:12.130"/>
</kw>
<kw name="Go To" library="SeleniumLibrary">
<arg>${KARDOOS_URL}</arg>
<doc>Navigates the current browser window to the provided ``url``.</doc>
<msg timestamp="20250806 14:49:12.130" level="INFO">Opening url 'https://dev.kardoos.co.id/'</msg>
<status status="PASS" starttime="20250806 14:49:12.130" endtime="20250806 14:49:13.233"/>
</kw>
<status status="PASS" starttime="20250806 14:49:10.311" endtime="20250806 14:49:13.233"/>
</kw>
<test id="s1-t1" name="verify user can order shipping box with specific flute" line="101">
<kw name="Login to kardoos" library="LoginTest" type="SETUP">
<kw name="Given user is on home page" library="HomePage">
<kw name="Run Keyword And Return Status" library="BuiltIn">
<var>${isMenuInstantDisplayed}</var>
<arg>Wait Until Element Is Visible</arg>
<arg>${textMenuInstant}</arg>
<doc>Runs the given keyword with given arguments and returns the status as a Boolean value.</doc>
<kw name="Wait Until Element Is Visible" library="SeleniumLibrary">
<arg>${textMenuInstant}</arg>
<doc>Waits until the element ``locator`` is visible.</doc>
<status status="PASS" starttime="20250806 14:49:13.237" endtime="20250806 14:49:13.298"/>
</kw>
<msg timestamp="20250806 14:49:13.298" level="INFO">${isMenuInstantDisplayed} = True</msg>
<status status="PASS" starttime="20250806 14:49:13.237" endtime="20250806 14:49:13.298"/>
</kw>
<kw name="Run Keyword If" library="BuiltIn">
<arg>'${isMenuInstantDisplayed}' == 'False'</arg>
<arg>Go To</arg>
<arg>${KARDOOS_URL}</arg>
<arg>ELSE</arg>
<arg>Log To Console</arg>
<arg>instant menu displayed</arg>
<doc>Runs the given keyword with the given arguments, if ``condition`` is true.</doc>
<kw name="Log To Console" library="BuiltIn">
<arg>instant menu displayed</arg>
<doc>Logs the given message to the console.</doc>
<status status="PASS" starttime="20250806 14:49:13.299" endtime="20250806 14:49:13.299"/>
</kw>
<status status="PASS" starttime="20250806 14:49:13.299" endtime="20250806 14:49:13.299"/>
</kw>
<kw name="Wait Until Element Is Visible" library="SeleniumLibrary">
<arg>${textMenuInstant}</arg>
<doc>Waits until the element ``locator`` is visible.</doc>
<status status="PASS" starttime="20250806 14:49:13.299" endtime="20250806 14:49:13.516"/>
</kw>
<kw name="Element Should Be Visible" library="SeleniumLibrary">
<arg>${textMenuInstant}</arg>
<doc>Verifies that the element identified by ``locator`` is visible.</doc>
<msg timestamp="20250806 14:49:13.561" level="INFO">Element 'xpath=//a[@href='/design']' is displayed.</msg>
<status status="PASS" starttime="20250806 14:49:13.516" endtime="20250806 14:49:13.561"/>
</kw>
<status status="PASS" starttime="20250806 14:49:13.237" endtime="20250806 14:49:13.561"/>
</kw>
<kw name="When user go to login page" library="HomePage">
<kw name="Wait Until Element Is Visible" library="SeleniumLibrary">
<arg>${buttonLogin}</arg>
<doc>Waits until the element ``locator`` is visible.</doc>
<status status="PASS" starttime="20250806 14:49:13.562" endtime="20250806 14:49:13.581"/>
</kw>
<kw name="Click Element" library="SeleniumLibrary">
<arg>${buttonLogin}</arg>
<doc>Click the element identified by ``locator``.</doc>
<msg timestamp="20250806 14:49:13.581" level="INFO">Clicking element 'xpath=//button[text()='Log in']'.</msg>
<status status="PASS" starttime="20250806 14:49:13.581" endtime="20250806 14:49:13.658"/>
</kw>
<status status="PASS" starttime="20250806 14:49:13.561" endtime="20250806 14:49:13.659"/>
</kw>
<kw name="Then user is on login page" library="LoginPage">
<kw name="Wait Until Element Is Visible" library="SeleniumLibrary">
<arg>${buttonMasuk}</arg>
<doc>Waits until the element ``locator`` is visible.</doc>
<status status="PASS" starttime="20250806 14:49:13.659" endtime="20250806 14:49:13.711"/>
</kw>
<kw name="Element Should Be Visible" library="SeleniumLibrary">
<arg>${buttonMasuk}</arg>
<doc>Verifies that the element identified by ``locator`` is visible.</doc>
<msg timestamp="20250806 14:49:13.725" level="INFO">Element 'xpath=//button[@id='login-button']' is displayed.</msg>
<status status="PASS" starttime="20250806 14:49:13.712" endtime="20250806 14:49:13.726"/>
</kw>
<status status="PASS" starttime="20250806 14:49:13.659" endtime="20250806 14:49:13.726"/>
</kw>
<kw name="When user input credential for login" library="LoginPage">
<kw name="user input email for login" library="LoginPage">
<kw name="Wait Until Element Is Visible" library="SeleniumLibrary">
<arg>${inputEmail}</arg>
<doc>Waits until the element ``locator`` is visible.</doc>
<status status="PASS" starttime="20250806 14:49:13.726" endtime="20250806 14:49:13.743"/>
</kw>
<kw name="Clear Element Text" library="SeleniumLibrary">
<arg>${inputEmail}</arg>
<doc>Clears the value of the text-input-element identified by ``locator``.</doc>
<status status="PASS" starttime="20250806 14:49:13.744" endtime="20250806 14:49:13.778"/>
</kw>
<kw name="Input Text" library="SeleniumLibrary">
<arg>${inputEmail}</arg>
<arg>${ACCOUNT_EMAIL}</arg>
<doc>Types the given ``text`` into the text field identified by ``locator``.</doc>
<msg timestamp="20250806 14:49:13.778" level="INFO">Typing text 'testangga22@gmail.com' into text field 'xpath=//input[@id='email']'.</msg>
<status status="PASS" starttime="20250806 14:49:13.778" endtime="20250806 14:49:13.971"/>
</kw>
<status status="PASS" starttime="20250806 14:49:13.726" endtime="20250806 14:49:13.971"/>
</kw>
<kw name="user input password for login" library="LoginPage">
<kw name="Wait Until Element Is Visible" library="SeleniumLibrary">
<arg>${inputPassword}</arg>
<doc>Waits until the element ``locator`` is visible.</doc>
<status status="PASS" starttime="20250806 14:49:13.972" endtime="20250806 14:49:13.991"/>
</kw>
<kw name="Clear Element Text" library="SeleniumLibrary">
<arg>${inputPassword}</arg>
<doc>Clears the value of the text-input-element identified by ``locator``.</doc>
<status status="PASS" starttime="20250806 14:49:13.991" endtime="20250806 14:49:14.014"/>
</kw>
<kw name="Input Text" library="SeleniumLibrary">
<arg>${inputPassword}</arg>
<arg>${ACCOUNT_PASSWORD}</arg>
<doc>Types the given ``text`` into the text field identified by ``locator``.</doc>
<msg timestamp="20250806 14:49:14.015" level="INFO">Typing text 'qwe123' into text field 'xpath=//input[@id='password']'.</msg>
<status status="PASS" starttime="20250806 14:49:14.015" endtime="20250806 14:49:14.084"/>
</kw>
<status status="PASS" starttime="20250806 14:49:13.971" endtime="20250806 14:49:14.084"/>
</kw>
<status status="PASS" starttime="20250806 14:49:13.726" endtime="20250806 14:49:14.084"/>
</kw>
<kw name="And user click button masuk for login" library="LoginPage">
<kw name="Wait Until Element Is Visible" library="SeleniumLibrary">
<arg>${buttonMasuk}</arg>
<doc>Waits until the element ``locator`` is visible.</doc>
<status status="PASS" starttime="20250806 14:49:14.084" endtime="20250806 14:49:14.098"/>
</kw>
<kw name="Click Element" library="SeleniumLibrary">
<arg>${buttonMasuk}</arg>
<doc>Click the element identified by ``locator``.</doc>
<msg timestamp="20250806 14:49:14.099" level="INFO">Clicking element 'xpath=//button[@id='login-button']'.</msg>
<status status="PASS" starttime="20250806 14:49:14.098" endtime="20250806 14:49:14.150"/>
</kw>
<status status="PASS" starttime="20250806 14:49:14.084" endtime="20250806 14:49:14.150"/>
</kw>
<kw name="Then user success to login" library="HomePage">
<kw name="Wait Until Element Is Visible" library="SeleniumLibrary">
<arg>${iconProfile}</arg>
<doc>Waits until the element ``locator`` is visible.</doc>
<status status="PASS" starttime="20250806 14:49:14.150" endtime="20250806 14:49:20.950"/>
</kw>
<kw name="Element Should Be Visible" library="SeleniumLibrary">
<arg>${iconProfile}</arg>
<doc>Verifies that the element identified by ``locator`` is visible.</doc>
<msg timestamp="20250806 14:49:20.963" level="INFO">Element 'xpath=//a[@href='/dashboard']' is displayed.</msg>
<status status="PASS" starttime="20250806 14:49:20.950" endtime="20250806 14:49:20.963"/>
</kw>
<status status="PASS" starttime="20250806 14:49:14.150" endtime="20250806 14:49:20.963"/>
</kw>
<status status="PASS" starttime="20250806 14:49:13.236" endtime="20250806 14:49:20.964"/>
</kw>
<kw name="Create order via cart for specific shipping box with flute" library="InstantTest">
<arg>Shipping Box</arg>
<arg>Custom</arg>
<arg>14</arg>
<arg>19</arg>
<arg>11</arg>
<arg>EcoKraft - White</arg>
<arg>Reguler</arg>
<arg>random</arg>
<arg>Express</arg>
<arg>Double Wall</arg>
<kw name="Given Access cart page" library="InstantTest">
<kw name="Given user is on home page" library="HomePage">
<kw name="Run Keyword And Return Status" library="BuiltIn">
<var>${isMenuInstantDisplayed}</var>
<arg>Wait Until Element Is Visible</arg>
<arg>${textMenuInstant}</arg>
<doc>Runs the given keyword with given arguments and returns the status as a Boolean value.</doc>
<kw name="Wait Until Element Is Visible" library="SeleniumLibrary">
<arg>${textMenuInstant}</arg>
<doc>Waits until the element ``locator`` is visible.</doc>
<status status="PASS" starttime="20250806 14:49:20.965" endtime="20250806 14:49:20.980"/>
</kw>
<msg timestamp="20250806 14:49:20.980" level="INFO">${isMenuInstantDisplayed} = True</msg>
<status status="PASS" starttime="20250806 14:49:20.965" endtime="20250806 14:49:20.980"/>
</kw>
<kw name="Run Keyword If" library="BuiltIn">
<arg>'${isMenuInstantDisplayed}' == 'False'</arg>
<arg>Go To</arg>
<arg>${KARDOOS_URL}</arg>
<arg>ELSE</arg>
<arg>Log To Console</arg>
<arg>instant menu displayed</arg>
<doc>Runs the given keyword with the given arguments, if ``condition`` is true.</doc>
<kw name="Log To Console" library="BuiltIn">
<arg>instant menu displayed</arg>
<doc>Logs the given message to the console.</doc>
<status status="PASS" starttime="20250806 14:49:20.981" endtime="20250806 14:49:20.981"/>
</kw>
<status status="PASS" starttime="20250806 14:49:20.981" endtime="20250806 14:49:20.981"/>
</kw>
<kw name="Wait Until Element Is Visible" library="SeleniumLibrary">
<arg>${textMenuInstant}</arg>
<doc>Waits until the element ``locator`` is visible.</doc>
<status status="PASS" starttime="20250806 14:49:20.982" endtime="20250806 14:49:20.999"/>
</kw>
<kw name="Element Should Be Visible" library="SeleniumLibrary">
<arg>${textMenuInstant}</arg>
<doc>Verifies that the element identified by ``locator`` is visible.</doc>
<msg timestamp="20250806 14:49:21.015" level="INFO">Element 'xpath=//a[@href='/design']' is displayed.</msg>
<status status="PASS" starttime="20250806 14:49:20.999" endtime="20250806 14:49:21.015"/>
</kw>
<status status="PASS" starttime="20250806 14:49:20.965" endtime="20250806 14:49:21.015"/>
</kw>
<kw name="When user go to cart page" library="HomePage">
<kw name="Sleep" library="BuiltIn">
<arg>3</arg>
<doc>Pauses the test executed for the given time.</doc>
<msg timestamp="20250806 14:49:24.017" level="INFO">Slept 3 seconds</msg>
<status status="PASS" starttime="20250806 14:49:21.016" endtime="20250806 14:49:24.017"/>
</kw>
<kw name="Wait Until Element Is Visible" library="SeleniumLibrary">
<arg>${iconCart}</arg>
<doc>Waits until the element ``locator`` is visible.</doc>
<status status="PASS" starttime="20250806 14:49:24.017" endtime="20250806 14:49:24.037"/>
</kw>
<kw name="Click Element" library="SeleniumLibrary">
<arg>${iconCart}</arg>
<doc>Click the element identified by ``locator``.</doc>
<msg timestamp="20250806 14:49:24.038" level="INFO">Clicking element 'xpath=//a[@href='/cart']//*[name()='svg']'.</msg>
<status status="PASS" starttime="20250806 14:49:24.037" endtime="20250806 14:49:24.435"/>
</kw>
<status status="PASS" starttime="20250806 14:49:21.016" endtime="20250806 14:49:24.436"/>
</kw>
<kw name="Then user is on cart page" library="CartPage">
<kw name="Sleep" library="BuiltIn">
<arg>5</arg>
<doc>Pauses the test executed for the given time.</doc>
<msg timestamp="20250806 14:49:29.437" level="INFO">Slept 5 seconds</msg>
<status status="PASS" starttime="20250806 14:49:24.436" endtime="20250806 14:49:29.437"/>
</kw>
<kw name="Get Location" library="SeleniumLibrary">
<var>${current_url}</var>
<doc>Returns the current browser window URL.</doc>
<msg timestamp="20250806 14:49:29.442" level="INFO">${current_url} = https://dev.kardoos.co.id/cart</msg>
<status status="PASS" starttime="20250806 14:49:29.437" endtime="20250806 14:49:29.442"/>
</kw>
<kw name="Log" library="BuiltIn">
<arg>Current URL: ${current_url}</arg>
<doc>Logs the given message with the given level.</doc>
<msg timestamp="20250806 14:49:29.442" level="INFO">Current URL: https://dev.kardoos.co.id/cart</msg>
<status status="PASS" starttime="20250806 14:49:29.442" endtime="20250806 14:49:29.442"/>
</kw>
<kw name="Should Contain" library="BuiltIn">
<arg>${current_url}</arg>
<arg>/cart</arg>
<doc>Fails if ``container`` does not contain ``item`` one or more times.</doc>
<status status="PASS" starttime="20250806 14:49:29.442" endtime="20250806 14:49:29.442"/>
</kw>
<status status="PASS" starttime="20250806 14:49:24.436" endtime="20250806 14:49:29.443"/>
</kw>
<status status="PASS" starttime="20250806 14:49:20.964" endtime="20250806 14:49:29.443"/>
</kw>
<kw name="When user cleaning cart page" library="CartPage">
<kw name="Sleep" library="BuiltIn">
<arg>2</arg>
<doc>Pauses the test executed for the given time.</doc>
<msg timestamp="20250806 14:49:31.444" level="INFO">Slept 2 seconds</msg>
<status status="PASS" starttime="20250806 14:49:29.444" endtime="20250806 14:49:31.444"/>
</kw>
<kw name="Run Keyword And Return Status" library="BuiltIn">
<var>${haveProductOnCart}</var>
<arg>Wait Until Element Is Visible</arg>
<arg>${iconDeleteOnCartPage}</arg>
<arg>timeout=10</arg>
<doc>Runs the given keyword with given arguments and returns the status as a Boolean value.</doc>
<kw name="Wait Until Element Is Visible" library="SeleniumLibrary">
<arg>${iconDeleteOnCartPage}</arg>
<arg>timeout=10</arg>
<doc>Waits until the element ``locator`` is visible.</doc>
<msg timestamp="20250806 14:49:41.680" level="INFO" html="true">&lt;/td&gt;&lt;/tr&gt;&lt;tr&gt;&lt;td colspan="3"&gt;&lt;a href="selenium-screenshot-1.png"&gt;&lt;img src="selenium-screenshot-1.png" width="800px"&gt;&lt;/a&gt;</msg>
<msg timestamp="20250806 14:49:41.680" level="FAIL">Element 'xpath=(//img[contains(@src,'delete')])' not visible after 10 seconds.</msg>
<status status="FAIL" starttime="20250806 14:49:31.445" endtime="20250806 14:49:41.686"/>
</kw>
<msg timestamp="20250806 14:49:41.686" level="INFO">${haveProductOnCart} = False</msg>
<status status="PASS" starttime="20250806 14:49:31.445" endtime="20250806 14:49:41.686"/>
</kw>
<kw name="Run Keyword If" library="BuiltIn">
<arg>'${haveProductOnCart}' == 'True'</arg>
<arg>user delete product from cart page</arg>
<arg>ELSE</arg>
<arg>Log To Console</arg>
<arg>cart already empty</arg>
<doc>Runs the given keyword with the given arguments, if ``condition`` is true.</doc>
<kw name="Log To Console" library="BuiltIn">
<arg>cart already empty</arg>
<doc>Logs the given message to the console.</doc>
<status status="PASS" starttime="20250806 14:49:41.687" endtime="20250806 14:49:41.687"/>
</kw>
<status status="PASS" starttime="20250806 14:49:41.687" endtime="20250806 14:49:41.687"/>
</kw>
<status status="PASS" starttime="20250806 14:49:29.444" endtime="20250806 14:49:41.687"/>
</kw>
<kw name="Then user click belanja sekarang on cart page" library="CartPage">
<kw name="Wait Until Element Is Visible" library="SeleniumLibrary">
<arg>${buttonBelanjaSekarang}</arg>
<doc>Waits until the element ``locator`` is visible.</doc>
<status status="PASS" starttime="20250806 14:49:41.688" endtime="20250806 14:49:41.705"/>
</kw>
<kw name="Click Element" library="SeleniumLibrary">
<arg>${buttonBelanjaSekarang}</arg>
<doc>Click the element identified by ``locator``.</doc>
<msg timestamp="20250806 14:49:41.706" level="INFO">Clicking element 'xpath=//div[text()='Belanja Sekarang']'.</msg>
<status status="PASS" starttime="20250806 14:49:41.705" endtime="20250806 14:49:44.213"/>
</kw>
<status status="PASS" starttime="20250806 14:49:41.687" endtime="20250806 14:49:44.213"/>
</kw>
<kw name="When Add product to cart" library="InstantTest">
<arg>${ModelKardus}</arg>
<arg>${TipeUkuranKardus}</arg>
<arg>${PanjangKardus}</arg>
<arg>${LebarKardus}</arg>
<arg>${TinggiKardus}</arg>
<arg>${MaterialTypeKardus}</arg>
<arg>${KecepatanProduksi}</arg>
<arg>${QtyKardus}</arg>
<arg>${ShippingType}</arg>
<kw name="Given user is on design page" library="DesignPage">
<kw name="Wait Until Element Is Visible" library="SeleniumLibrary">
<arg>${buttonKeranjangOnDesignPage}</arg>
<doc>Waits until the element ``locator`` is visible.</doc>
<status status="PASS" starttime="20250806 14:49:44.215" endtime="20250806 14:49:50.839"/>
</kw>
<kw name="Element Should Be Visible" library="SeleniumLibrary">
<arg>${buttonKeranjangOnDesignPage}</arg>
<doc>Verifies that the element identified by ``locator`` is visible.</doc>
<msg timestamp="20250806 14:49:50.860" level="INFO">Element 'xpath=//div[@id='proses-keranjang']/button[text()='+ Keranjang']' is displayed.</msg>
<status status="PASS" starttime="20250806 14:49:50.840" endtime="20250806 14:49:50.860"/>
</kw>
<status status="PASS" starttime="20250806 14:49:44.214" endtime="20250806 14:49:50.860"/>
</kw>
<kw name="And user add design product" library="DesignPage">
<arg>${ModelKardus}</arg>
<arg>${TipeUkuranKardus}</arg>
<arg>${PanjangKardus}</arg>
<arg>${LebarKardus}</arg>
<arg>${TinggiKardus}</arg>
<arg>${MaterialTypeKardus}</arg>
<arg>${KecepatanProduksi}</arg>
<arg>${QtyKardus}</arg>
<kw name="user choose model kardus" library="DesignPage">
<arg>${ModelKardus}</arg>
<kw name="Sleep" library="BuiltIn">
<arg>10</arg>
<doc>Pauses the test executed for the given time.</doc>
<msg timestamp="20250806 14:50:00.862" level="INFO">Slept 10 seconds</msg>
<status status="PASS" starttime="20250806 14:49:50.861" endtime="20250806 14:50:00.862"/>
</kw>
<kw name="Wait Until Element Is Visible" library="SeleniumLibrary">
<arg>${buttonKeranjangOnDesignPage}</arg>
<doc>Waits until the element ``locator`` is visible.</doc>
<status status="PASS" starttime="20250806 14:50:00.862" endtime="20250806 14:50:00.884"/>
</kw>
<kw name="Wait Until Element Is Visible" library="SeleniumLibrary">
<arg>${textModelOptionOnDesignPage}</arg>
<doc>Waits until the element ``locator`` is visible.</doc>
<status status="PASS" starttime="20250806 14:50:00.884" endtime="20250806 14:50:00.907"/>
</kw>
<kw name="Set Local Variable" library="BuiltIn">
<arg>${textModelOptionOnDesignPage}</arg>
<arg>xpath=//h2[text()='Pilih Model Kardus']/parent::div/following-sibling::div//div/p[1][text()='${ModelKardus}']</arg>
<doc>Makes a variable available everywhere within the local scope.</doc>
<msg timestamp="20250806 14:50:00.908" level="INFO">${textModelOptionOnDesignPage} = xpath=//h2[text()='Pilih Model Kardus']/parent::div/following-sibling::div//div/p[1][text()='Shipping Box']</msg>
<status status="PASS" starttime="20250806 14:50:00.908" endtime="20250806 14:50:00.908"/>
</kw>
<kw name="Scroll Element Into View" library="SeleniumLibrary">
<arg>${textModelOptionOnDesignPage}</arg>
<doc>Scrolls the element identified by ``locator`` into view.</doc>
<status status="PASS" starttime="20250806 14:50:00.908" endtime="20250806 14:50:01.186"/>
</kw>
<kw name="Wait Until Element Is Enabled" library="SeleniumLibrary">
<arg>${textModelOptionOnDesignPage}</arg>
<doc>Waits until the element ``locator`` is enabled.</doc>
<status status="PASS" starttime="20250806 14:50:01.186" endtime="20250806 14:50:01.222"/>
</kw>
<kw name="Set Global Variable" library="BuiltIn">
<arg>${ModelKardus}</arg>
<arg>${ModelKardus}</arg>
<doc>Makes a variable available globally in all tests and suites.</doc>
<msg timestamp="20250806 14:50:01.222" level="INFO">${ModelKardus} = Shipping Box</msg>
<status status="PASS" starttime="20250806 14:50:01.222" endtime="20250806 14:50:01.222"/>
</kw>
<kw name="Wait Until Element Is Visible" library="SeleniumLibrary">
<arg>${buttonKeranjangOnDesignPage}</arg>
<doc>Waits until the element ``locator`` is visible.</doc>
<status status="PASS" starttime="20250806 14:50:01.222" endtime="20250806 14:50:01.244"/>
</kw>
<kw name="Click Element" library="SeleniumLibrary">
<arg>${textModelOptionOnDesignPage}</arg>
<doc>Click the element identified by ``locator``.</doc>
<msg timestamp="20250806 14:50:01.245" level="INFO">Clicking element 'xpath=//h2[text()='Pilih Model Kardus']/parent::div/following-sibling::div//div/p[1][text()='Shipping Box']'.</msg>
<status status="PASS" starttime="20250806 14:50:01.244" endtime="20250806 14:50:01.395"/>
</kw>
<kw name="Wait Until Element Is Visible" library="SeleniumLibrary">
<arg>${buttonKeranjangOnDesignPage}</arg>
<doc>Waits until the element ``locator`` is visible.</doc>
<status status="PASS" starttime="20250806 14:50:01.396" endtime="20250806 14:50:01.422"/>
</kw>
<status status="PASS" starttime="20250806 14:49:50.861" endtime="20250806 14:50:01.422"/>
</kw>
<kw name="user choose tipe ukuran kardus" library="DesignPage">
<arg>${TipeUkuranKardus}</arg>
<kw name="Sleep" library="BuiltIn">
<arg>10</arg>
<doc>Pauses the test executed for the given time.</doc>
<msg timestamp="20250806 14:50:11.425" level="INFO">Slept 10 seconds</msg>
<status status="PASS" starttime="20250806 14:50:01.423" endtime="20250806 14:50:11.426"/>
</kw>
<kw name="Wait Until Element Is Visible" library="SeleniumLibrary">
<arg>${buttonKeranjangOnDesignPage}</arg>
<doc>Waits until the element ``locator`` is visible.</doc>
<status status="PASS" starttime="20250806 14:50:11.427" endtime="20250806 14:50:11.456"/>
</kw>
<kw name="Wait Until Element Is Visible" library="SeleniumLibrary">
<arg>${buttonMenuUkuranOnDesignPage}</arg>
<doc>Waits until the element ``locator`` is visible.</doc>
<status status="PASS" starttime="20250806 14:50:11.457" endtime="20250806 14:50:11.479"/>
</kw>
<kw name="Click Element" library="SeleniumLibrary">
<arg>${buttonMenuUkuranOnDesignPage}</arg>
<doc>Click the element identified by ``locator``.</doc>
<msg timestamp="20250806 14:50:11.480" level="INFO">Clicking element 'xpath=//button[@id='Ukuran']'.</msg>
<status status="PASS" starttime="20250806 14:50:11.479" endtime="20250806 14:50:11.647"/>
</kw>
<kw name="Run Keyword If" library="BuiltIn">
<arg>'${TipeUkuranKardus}' == 'Standard'</arg>
<arg>Click Element</arg>
<arg>${buttonUkuranStandardOnDesignPage}</arg>
<arg>ELSE</arg>
<arg>Click Element</arg>
<arg>${buttonUkuranCustomOnDesignPage}</arg>
<doc>Runs the given keyword with the given arguments, if ``condition`` is true.</doc>
<kw name="Click Element" library="SeleniumLibrary">
<arg>${buttonUkuranCustomOnDesignPage}</arg>
<doc>Click the element identified by ``locator``.</doc>
<msg timestamp="20250806 14:50:11.649" level="INFO">Clicking element 'xpath=//h2[@type='button' and text()='Custom']'.</msg>
<status status="PASS" starttime="20250806 14:50:11.649" endtime="20250806 14:50:11.751"/>
</kw>
<status status="PASS" starttime="20250806 14:50:11.648" endtime="20250806 14:50:11.751"/>
</kw>
<status status="PASS" starttime="20250806 14:50:01.422" endtime="20250806 14:50:11.751"/>
</kw>
<kw name="user input ukuran custom kardus" library="DesignPage">
<arg>${PanjangKardus}</arg>
<arg>${LebarKardus}</arg>
<arg>${TinggiKardus}</arg>
<kw name="Sleep" library="BuiltIn">
<arg>10</arg>
<doc>Pauses the test executed for the given time.</doc>
<msg timestamp="20250806 14:50:21.753" level="INFO">Slept 10 seconds</msg>
<status status="PASS" starttime="20250806 14:50:11.752" endtime="20250806 14:50:21.753"/>
</kw>
<kw name="Wait Until Element Is Visible" library="SeleniumLibrary">
<arg>${buttonKeranjangOnDesignPage}</arg>
<doc>Waits until the element ``locator`` is visible.</doc>
<status status="PASS" starttime="20250806 14:50:21.753" endtime="20250806 14:50:21.772"/>
</kw>
<kw name="Wait Until Element Is Visible" library="SeleniumLibrary">
<arg>${inputLengthCustomOnDesignPage}</arg>
<doc>Waits until the element ``locator`` is visible.</doc>
<status status="PASS" starttime="20250806 14:50:21.772" endtime="20250806 14:50:21.795"/>
</kw>
<kw name="Clear Element Text" library="SeleniumLibrary">
<arg>${inputLengthCustomOnDesignPage}</arg>
<doc>Clears the value of the text-input-element identified by ``locator``.</doc>
<status status="PASS" starttime="20250806 14:50:21.796" endtime="20250806 14:50:21.844"/>
</kw>
<kw name="Set Global Variable" library="BuiltIn">
<arg>${PanjangKardus}</arg>
<arg>${PanjangKardus}</arg>
<doc>Makes a variable available globally in all tests and suites.</doc>
<msg timestamp="20250806 14:50:21.844" level="INFO">${PanjangKardus} = 14</msg>
<status status="PASS" starttime="20250806 14:50:21.844" endtime="20250806 14:50:21.844"/>
</kw>
<kw name="Input Text" library="SeleniumLibrary">
<arg>${inputLengthCustomOnDesignPage}</arg>
<arg>${PanjangKardus}</arg>
<doc>Types the given ``text`` into the text field identified by ``locator``.</doc>
<msg timestamp="20250806 14:50:21.845" level="INFO">Typing text '14' into text field 'xpath=//input[@id='length']'.</msg>
<status status="PASS" starttime="20250806 14:50:21.845" endtime="20250806 14:50:21.945"/>
</kw>
<kw name="Clear Element Text" library="SeleniumLibrary">
<arg>${inputWidthCustomOnDesignPage}</arg>
<doc>Clears the value of the text-input-element identified by ``locator``.</doc>
<status status="PASS" starttime="20250806 14:50:21.945" endtime="20250806 14:50:21.986"/>
</kw>
<kw name="Set Global Variable" library="BuiltIn">
<arg>${LebarKardus}</arg>
<arg>${LebarKardus}</arg>
<doc>Makes a variable available globally in all tests and suites.</doc>
<msg timestamp="20250806 14:50:21.987" level="INFO">${LebarKardus} = 19</msg>
<status status="PASS" starttime="20250806 14:50:21.987" endtime="20250806 14:50:21.987"/>
</kw>
<kw name="Input Text" library="SeleniumLibrary">
<arg>${inputWidthCustomOnDesignPage}</arg>
<arg>${LebarKardus}</arg>
<doc>Types the given ``text`` into the text field identified by ``locator``.</doc>
<msg timestamp="20250806 14:50:21.988" level="INFO">Typing text '19' into text field 'xpath=//input[@id='width']'.</msg>
<status status="PASS" starttime="20250806 14:50:21.987" endtime="20250806 14:50:22.070"/>
</kw>
<kw name="Clear Element Text" library="SeleniumLibrary">
<arg>${inputHeightCustomOnDesignPage}</arg>
<doc>Clears the value of the text-input-element identified by ``locator``.</doc>
<status status="PASS" starttime="20250806 14:50:22.070" endtime="20250806 14:50:22.110"/>
</kw>
<kw name="Set Global Variable" library="BuiltIn">
<arg>${TinggiKardus}</arg>
<arg>${TinggiKardus}</arg>
<doc>Makes a variable available globally in all tests and suites.</doc>
<msg timestamp="20250806 14:50:22.111" level="INFO">${TinggiKardus} = 11</msg>
<status status="PASS" starttime="20250806 14:50:22.110" endtime="20250806 14:50:22.111"/>
</kw>
<kw name="Input Text" library="SeleniumLibrary">
<arg>${inputHeightCustomOnDesignPage}</arg>
<arg>${TinggiKardus}</arg>
<doc>Types the given ``text`` into the text field identified by ``locator``.</doc>
<msg timestamp="20250806 14:50:22.111" level="INFO">Typing text '11' into text field 'xpath=//input[@id='height']'.</msg>
<status status="PASS" starttime="20250806 14:50:22.111" endtime="20250806 14:50:22.195"/>
</kw>
<kw name="Wait Until Element Is Visible" library="SeleniumLibrary">
<arg>${buttonApplyUkuranOnDesignPage}</arg>
<doc>Waits until the element ``locator`` is visible.</doc>
<status status="PASS" starttime="20250806 14:50:22.195" endtime="20250806 14:50:22.220"/>
</kw>
<kw name="Sleep" library="BuiltIn">
<arg>10</arg>
<doc>Pauses the test executed for the given time.</doc>
<msg timestamp="20250806 14:50:32.220" level="INFO">Slept 10 seconds</msg>
<status status="PASS" starttime="20250806 14:50:22.220" endtime="20250806 14:50:32.220"/>
</kw>
<kw name="Wait Until Element Is Visible" library="SeleniumLibrary">
<arg>${buttonKeranjangOnDesignPage}</arg>
<doc>Waits until the element ``locator`` is visible.</doc>
<status status="PASS" starttime="20250806 14:50:32.221" endtime="20250806 14:50:32.239"/>
</kw>
<kw name="Click Element" library="SeleniumLibrary">
<arg>${buttonApplyUkuranOnDesignPage}</arg>
<doc>Click the element identified by ``locator``.</doc>
<msg timestamp="20250806 14:50:32.240" level="INFO">Clicking element 'xpath=//button[text()='Apply']'.</msg>
<status status="PASS" starttime="20250806 14:50:32.240" endtime="20250806 14:50:32.311"/>
</kw>
<kw name="Wait Until Element Is Visible" library="SeleniumLibrary">
<arg>${buttonKeranjangOnDesignPage}</arg>
<doc>Waits until the element ``locator`` is visible.</doc>
<status status="PASS" starttime="20250806 14:50:32.311" endtime="20250806 14:50:32.330"/>
</kw>
<status status="PASS" starttime="20250806 14:50:11.752" endtime="20250806 14:50:32.330"/>
</kw>
<kw name="user choose material kardus" library="DesignPage">
<arg>${MaterialTypeKardus}</arg>
<kw name="Sleep" library="BuiltIn">
<arg>10</arg>
<doc>Pauses the test executed for the given time.</doc>
<msg timestamp="20250806 14:50:42.331" level="INFO">Slept 10 seconds</msg>
<status status="PASS" starttime="20250806 14:50:32.331" endtime="20250806 14:50:42.332"/>
</kw>
<kw name="Wait Until Element Is Visible" library="SeleniumLibrary">
<arg>${buttonMaterialOnDesignPage}</arg>
<doc>Waits until the element ``locator`` is visible.</doc>
<status status="PASS" starttime="20250806 14:50:42.332" endtime="20250806 14:50:42.364"/>
</kw>
<kw name="Set Global Variable" library="BuiltIn">
<arg>${MaterialTypeKardus}</arg>
<arg>${MaterialTypeKardus}</arg>
<doc>Makes a variable available globally in all tests and suites.</doc>
<msg timestamp="20250806 14:50:42.365" level="INFO">${MaterialTypeKardus} = EcoKraft - White</msg>
<status status="PASS" starttime="20250806 14:50:42.364" endtime="20250806 14:50:42.365"/>
</kw>
<kw name="Wait Until Element Is Visible" library="SeleniumLibrary">
<arg>${buttonKeranjangOnDesignPage}</arg>
<doc>Waits until the element ``locator`` is visible.</doc>
<status status="PASS" starttime="20250806 14:50:42.365" endtime="20250806 14:50:42.385"/>
</kw>
<kw name="Click Element" library="SeleniumLibrary">
<arg>${buttonMaterialOnDesignPage}</arg>
<doc>Click the element identified by ``locator``.</doc>
<msg timestamp="20250806 14:50:42.385" level="INFO">Clicking element 'xpath=//button[@id='Material']'.</msg>
<status status="PASS" starttime="20250806 14:50:42.385" endtime="20250806 14:50:42.536"/>
</kw>
<kw name="Wait Until Element Is Visible" library="SeleniumLibrary">
<arg>${buttonKeranjangOnDesignPage}</arg>
<doc>Waits until the element ``locator`` is visible.</doc>
<status status="PASS" starttime="20250806 14:50:42.536" endtime="20250806 14:50:42.606"/>
</kw>
<kw name="Wait Until Element Is Visible" library="SeleniumLibrary">
<arg>${buttonMaterialEcokraftBrownOnDesignPage}</arg>
<doc>Waits until the element ``locator`` is visible.</doc>
<status status="PASS" starttime="20250806 14:50:42.606" endtime="20250806 14:50:42.633"/>
</kw>
<kw name="Run Keyword If" library="BuiltIn">
<arg>'${MaterialTypeKardus}' == 'EcoKraft - Brown'</arg>
<arg>user choose ekocraft brown as material</arg>
<arg>ELSE IF</arg>
<arg>'${MaterialTypeKardus}' == 'EcoKraft - White'</arg>
<arg>user choose ekocraft white as material</arg>
<arg>ELSE</arg>
<arg>user choose premium white as material</arg>
<doc>Runs the given keyword with the given arguments, if ``condition`` is true.</doc>
<kw name="user choose ekocraft white as material" library="DesignPage">
<kw name="Sleep" library="BuiltIn">
<arg>5</arg>
<doc>Pauses the test executed for the given time.</doc>
<msg timestamp="20250806 14:50:47.638" level="INFO">Slept 5 seconds</msg>
<status status="PASS" starttime="20250806 14:50:42.636" endtime="20250806 14:50:47.638"/>
</kw>
<kw name="Wait Until Element Is Visible" library="SeleniumLibrary">
<arg>${buttonMaterialEcokraftWhiteOnDesignPage}</arg>
<doc>Waits until the element ``locator`` is visible.</doc>
<status status="PASS" starttime="20250806 14:50:47.638" endtime="20250806 14:50:47.664"/>
</kw>
<kw name="Scroll Element Into View" library="SeleniumLibrary">
<arg>${buttonMaterialEcokraftWhiteOnDesignPage}</arg>
<doc>Scrolls the element identified by ``locator`` into view.</doc>
<status status="PASS" starttime="20250806 14:50:47.664" endtime="20250806 14:50:47.935"/>
</kw>
<kw name="Wait Until Element Is Visible" library="SeleniumLibrary">
<arg>${buttonKeranjangOnDesignPage}</arg>
<doc>Waits until the element ``locator`` is visible.</doc>
<status status="PASS" starttime="20250806 14:50:47.936" endtime="20250806 14:50:47.955"/>
</kw>
<kw name="Click Element" library="SeleniumLibrary">
<arg>${buttonMaterialEcokraftWhiteOnDesignPage}</arg>
<doc>Click the element identified by ``locator``.</doc>
<msg timestamp="20250806 14:50:47.956" level="INFO">Clicking element 'xpath=//p[text()='EcoKraft - White']'.</msg>
<status status="PASS" starttime="20250806 14:50:47.955" endtime="20250806 14:50:48.024"/>
</kw>
<kw name="Wait Until Element Is Visible" library="SeleniumLibrary">
<arg>${buttonKeranjangOnDesignPage}</arg>
<doc>Waits until the element ``locator`` is visible.</doc>
<status status="PASS" starttime="20250806 14:50:48.024" endtime="20250806 14:50:50.180"/>
</kw>
<status status="PASS" starttime="20250806 14:50:42.636" endtime="20250806 14:50:50.180"/>
</kw>
<status status="PASS" starttime="20250806 14:50:42.634" endtime="20250806 14:50:50.180"/>
</kw>
<kw name="user choose color for full print product" library="DesignPage">
<kw name="Sleep" library="BuiltIn">
<arg>5</arg>
<doc>Pauses the test executed for the given time.</doc>
<msg timestamp="20250806 14:50:55.181" level="INFO">Slept 5 seconds</msg>
<status status="PASS" starttime="20250806 14:50:50.181" endtime="20250806 14:50:55.181"/>
</kw>
<kw name="Run Keyword If" library="BuiltIn">
<arg>'${MaterialTypeKardus}' == 'Premium - Glossy'</arg>
<arg>user input color value glossy on design page</arg>
<arg>ELSE IF</arg>
<arg>'${MaterialTypeKardus}' == 'Premium - Doff'</arg>
<arg>user input color value doff on design page</arg>
<arg>ELSE</arg>
<arg>Log To Console</arg>
<arg>product bukan fullprint</arg>
<doc>Runs the given keyword with the given arguments, if ``condition`` is true.</doc>
<kw name="Log To Console" library="BuiltIn">
<arg>product bukan fullprint</arg>
<doc>Logs the given message to the console.</doc>
<status status="PASS" starttime="20250806 14:50:55.183" endtime="20250806 14:50:55.183"/>
</kw>
<status status="PASS" starttime="20250806 14:50:55.182" endtime="20250806 14:50:55.183"/>
</kw>
<kw name="Wait Until Element Is Visible" library="SeleniumLibrary">
<arg>${buttonKeranjangOnDesignPage}</arg>
<doc>Waits until the element ``locator`` is visible.</doc>
<status status="PASS" starttime="20250806 14:50:55.183" endtime="20250806 14:50:55.206"/>
</kw>
<status status="PASS" starttime="20250806 14:50:50.180" endtime="20250806 14:50:55.206"/>
</kw>
<kw name="Wait Until Element Is Visible" library="SeleniumLibrary">
<arg>${buttonKeranjangOnDesignPage}</arg>
<doc>Waits until the element ``locator`` is visible.</doc>
<status status="PASS" starttime="20250806 14:50:55.206" endtime="20250806 14:50:55.225"/>
</kw>
<status status="PASS" starttime="20250806 14:50:32.331" endtime="20250806 14:50:55.225"/>
</kw>
<kw name="user choose kecepatan produksi kardus" library="DesignPage">
<arg>${KecepatanProduksi}</arg>
<kw name="Sleep" library="BuiltIn">
<arg>5</arg>
<doc>Pauses the test executed for the given time.</doc>
<msg timestamp="20250806 14:51:00.227" level="INFO">Slept 5 seconds</msg>
<status status="PASS" starttime="20250806 14:50:55.226" endtime="20250806 14:51:00.227"/>
</kw>
<kw name="Wait Until Element Is Visible" library="SeleniumLibrary">
<arg>${textKecepatanProduksiOptionOnDesignPage}</arg>
<doc>Waits until the element ``locator`` is visible.</doc>
<status status="PASS" starttime="20250806 14:51:00.227" endtime="20250806 14:51:00.252"/>
</kw>
<kw name="Set Global Variable" library="BuiltIn">
<arg>${KecepatanProduksi}</arg>
<arg>${KecepatanProduksi}</arg>
<doc>Makes a variable available globally in all tests and suites.</doc>
<msg timestamp="20250806 14:51:00.252" level="INFO">${KecepatanProduksi} = Reguler</msg>
<status status="PASS" starttime="20250806 14:51:00.252" endtime="20250806 14:51:00.252"/>
</kw>
<kw name="Set Local Variable" library="BuiltIn">
<arg>${textKecepatanProduksiOptionOnDesignPage}</arg>
<arg>xpath=//p[text()='Kecepatan Produksi']/following-sibling::div//span[text()='${KecepatanProduksi}']</arg>
<doc>Makes a variable available everywhere within the local scope.</doc>
<msg timestamp="20250806 14:51:00.253" level="INFO">${textKecepatanProduksiOptionOnDesignPage} = xpath=//p[text()='Kecepatan Produksi']/following-sibling::div//span[text()='Reguler']</msg>
<status status="PASS" starttime="20250806 14:51:00.252" endtime="20250806 14:51:00.253"/>
</kw>
<kw name="Scroll Element Into View" library="SeleniumLibrary">
<arg>${textKecepatanProduksiOptionOnDesignPage}</arg>
<doc>Scrolls the element identified by ``locator`` into view.</doc>
<status status="PASS" starttime="20250806 14:51:00.254" endtime="20250806 14:51:00.536"/>
</kw>
<kw name="Wait Until Element Is Visible" library="SeleniumLibrary">
<arg>${buttonKeranjangOnDesignPage}</arg>
<doc>Waits until the element ``locator`` is visible.</doc>
<status status="PASS" starttime="20250806 14:51:00.537" endtime="20250806 14:51:00.556"/>
</kw>
<kw name="Click Element" library="SeleniumLibrary">
<arg>${textKecepatanProduksiOptionOnDesignPage}</arg>
<doc>Click the element identified by ``locator``.</doc>
<msg timestamp="20250806 14:51:00.558" level="INFO">Clicking element 'xpath=//p[text()='Kecepatan Produksi']/following-sibling::div//span[text()='Reguler']'.</msg>
<status status="PASS" starttime="20250806 14:51:00.557" endtime="20250806 14:51:00.621"/>
</kw>
<kw name="Wait Until Element Is Visible" library="SeleniumLibrary">
<arg>${buttonKeranjangOnDesignPage}</arg>
<doc>Waits until the element ``locator`` is visible.</doc>
<status status="PASS" starttime="20250806 14:51:00.621" endtime="20250806 14:51:00.637"/>
</kw>
<status status="PASS" starttime="20250806 14:50:55.226" endtime="20250806 14:51:00.637"/>
</kw>
<kw name="user input qty kardus" library="DesignPage">
<arg>${QtyKardus}</arg>
<kw name="Sleep" library="BuiltIn">
<arg>5</arg>
<doc>Pauses the test executed for the given time.</doc>
<msg timestamp="20250806 14:51:05.638" level="INFO">Slept 5 seconds</msg>
<status status="PASS" starttime="20250806 14:51:00.638" endtime="20250806 14:51:05.638"/>
</kw>
<kw name="Wait Until Element Is Visible" library="SeleniumLibrary">
<arg>${inputQtyOnDesignPage}</arg>
<doc>Waits until the element ``locator`` is visible.</doc>
<status status="PASS" starttime="20250806 14:51:05.638" endtime="20250806 14:51:05.660"/>
</kw>
<kw name="Run Keyword If" library="BuiltIn">
<arg>'${QtyKardus}' == 'random'</arg>
<arg>get random qty kardus</arg>
<arg>ELSE</arg>
<arg>Set Global Variable</arg>
<arg>${QtyKardus}</arg>
<arg>${QtyKardus}</arg>
<doc>Runs the given keyword with the given arguments, if ``condition`` is true.</doc>
<kw name="get random qty kardus" library="DesignPage">
<kw name="Evaluate" library="BuiltIn">
<var>${random}</var>
<arg>random.randint(50, 150)</arg>
<arg>modules=random</arg>
<doc>Evaluates the given expression in Python and returns the result.</doc>
<msg timestamp="20250806 14:51:05.663" level="INFO">${random} = 58</msg>
<status status="PASS" starttime="20250806 14:51:05.662" endtime="20250806 14:51:05.663"/>
</kw>
<kw name="Set Global Variable" library="BuiltIn">
<arg>${QtyKardus}</arg>
<arg>${random}</arg>
<doc>Makes a variable available globally in all tests and suites.</doc>
<msg timestamp="20250806 14:51:05.666" level="INFO">${QtyKardus} = 58</msg>
<status status="PASS" starttime="20250806 14:51:05.663" endtime="20250806 14:51:05.666"/>
</kw>
<status status="PASS" starttime="20250806 14:51:05.662" endtime="20250806 14:51:05.666"/>
</kw>
<status status="PASS" starttime="20250806 14:51:05.661" endtime="20250806 14:51:05.666"/>
</kw>
<kw name="Clear Element Text" library="SeleniumLibrary">
<arg>${inputQtyOnDesignPage}</arg>
<doc>Clears the value of the text-input-element identified by ``locator``.</doc>
<status status="PASS" starttime="20250806 14:51:05.666" endtime="20250806 14:51:05.707"/>
</kw>
<kw name="Input Text" library="SeleniumLibrary">
<arg>${inputQtyOnDesignPage}</arg>
<arg>${QtyKardus}</arg>
<doc>Types the given ``text`` into the text field identified by ``locator``.</doc>
<msg timestamp="20250806 14:51:05.708" level="INFO">Typing text '58' into text field 'xpath=//input[@id='quantityBox']'.</msg>
<status status="PASS" starttime="20250806 14:51:05.707" endtime="20250806 14:51:05.913"/>
</kw>
<kw name="Wait Until Element Is Visible" library="SeleniumLibrary">
<arg>${buttonKeranjangOnDesignPage}</arg>
<doc>Waits until the element ``locator`` is visible.</doc>
<status status="PASS" starttime="20250806 14:51:05.913" endtime="20250806 14:51:05.947"/>
</kw>
<status status="PASS" starttime="20250806 14:51:00.638" endtime="20250806 14:51:05.947"/>
</kw>
<kw name="Wait Until Element Is Visible" library="SeleniumLibrary">
<arg>${buttonKeranjangOnDesignPage}</arg>
<doc>Waits until the element ``locator`` is visible.</doc>
<status status="PASS" starttime="20250806 14:51:05.947" endtime="20250806 14:51:05.972"/>
</kw>
<status status="PASS" starttime="20250806 14:49:50.860" endtime="20250806 14:51:05.972"/>
</kw>
<status status="PASS" starttime="20250806 14:49:44.214" endtime="20250806 14:51:05.972"/>
</kw>
<kw name="And user choose flute for shipping box" library="DesignPage">
<arg>${FluteShipping}</arg>
<kw name="Wait Until Element Is Visible" library="SeleniumLibrary">
<arg>${radioSingleWallOnDesignPage}</arg>
<doc>Waits until the element ``locator`` is visible.</doc>
<status status="PASS" starttime="20250806 14:51:05.973" endtime="20250806 14:51:06.002"/>
</kw>
<kw name="Sleep" library="BuiltIn">
<arg>5</arg>
<doc>Pauses the test executed for the given time.</doc>
<msg timestamp="20250806 14:51:11.003" level="INFO">Slept 5 seconds</msg>
<status status="PASS" starttime="20250806 14:51:06.002" endtime="20250806 14:51:11.003"/>
</kw>
<kw name="Set Global Variable" library="BuiltIn">
<arg>${FluteShipping}</arg>
<arg>${FluteShipping}</arg>
<doc>Makes a variable available globally in all tests and suites.</doc>
<msg timestamp="20250806 14:51:11.004" level="INFO">${FluteShipping} = Double Wall</msg>
<status status="PASS" starttime="20250806 14:51:11.003" endtime="20250806 14:51:11.004"/>
</kw>
<kw name="Run Keyword If" library="BuiltIn">
<arg>'${FluteShipping}' == 'Single Wall'</arg>
<arg>Click Element</arg>
<arg>${radioSingleWallOnDesignPage}</arg>
<arg>ELSE</arg>
<arg>Click Element</arg>
<arg>${radioDoubleWallOnDesignPage}</arg>
<doc>Runs the given keyword with the given arguments, if ``condition`` is true.</doc>
<kw name="Click Element" library="SeleniumLibrary">
<arg>${radioDoubleWallOnDesignPage}</arg>
<doc>Click the element identified by ``locator``.</doc>
<msg timestamp="20250806 14:51:11.005" level="INFO">Clicking element 'xpath=//label/span[text()='Double Wall']'.</msg>
<status status="PASS" starttime="20250806 14:51:11.004" endtime="20250806 14:51:11.123"/>
</kw>
<status status="PASS" starttime="20250806 14:51:11.004" endtime="20250806 14:51:11.123"/>
</kw>
<kw name="Wait Until Element Is Visible" library="SeleniumLibrary">
<arg>${buttonKeranjangOnDesignPage}</arg>
<doc>Waits until the element ``locator`` is visible.</doc>
<status status="PASS" starttime="20250806 14:51:11.123" endtime="20250806 14:51:11.141"/>
</kw>
<status status="PASS" starttime="20250806 14:51:05.973" endtime="20250806 14:51:11.142"/>
</kw>
<kw name="And user click button keranjang on design page" library="DesignPage">
<kw name="Wait Until Element Is Visible" library="SeleniumLibrary">
<arg>${buttonKeranjangOnDesignPage}</arg>
<doc>Waits until the element ``locator`` is visible.</doc>
<status status="PASS" starttime="20250806 14:51:11.142" endtime="20250806 14:51:11.166"/>
</kw>
<kw name="Click Element" library="SeleniumLibrary">
<arg>${buttonKeranjangOnDesignPage}</arg>
<doc>Click the element identified by ``locator``.</doc>
<msg timestamp="20250806 14:51:11.166" level="INFO">Clicking element 'xpath=//div[@id='proses-keranjang']/button[text()='+ Keranjang']'.</msg>
<status status="PASS" starttime="20250806 14:51:11.166" endtime="20250806 14:51:11.367"/>
</kw>
<status status="PASS" starttime="20250806 14:51:11.142" endtime="20250806 14:51:11.368"/>
</kw>
<kw name="Then user is on cart page" library="CartPage">
<kw name="Sleep" library="BuiltIn">
<arg>5</arg>
<doc>Pauses the test executed for the given time.</doc>
<msg timestamp="20250806 14:51:16.369" level="INFO">Slept 5 seconds</msg>
<status status="PASS" starttime="20250806 14:51:11.368" endtime="20250806 14:51:16.369"/>
</kw>
<kw name="Get Location" library="SeleniumLibrary">
<var>${current_url}</var>
<doc>Returns the current browser window URL.</doc>
<msg timestamp="20250806 14:51:16.376" level="INFO">${current_url} = https://dev.kardoos.co.id/cart</msg>
<status status="PASS" starttime="20250806 14:51:16.369" endtime="20250806 14:51:16.376"/>
</kw>
<kw name="Log" library="BuiltIn">
<arg>Current URL: ${current_url}</arg>
<doc>Logs the given message with the given level.</doc>
<msg timestamp="20250806 14:51:16.377" level="INFO">Current URL: https://dev.kardoos.co.id/cart</msg>
<status status="PASS" starttime="20250806 14:51:16.377" endtime="20250806 14:51:16.377"/>
</kw>
<kw name="Should Contain" library="BuiltIn">
<arg>${current_url}</arg>
<arg>/cart</arg>
<doc>Fails if ``container`` does not contain ``item`` one or more times.</doc>
<status status="PASS" starttime="20250806 14:51:16.377" endtime="20250806 14:51:16.378"/>
</kw>
<status status="PASS" starttime="20250806 14:51:11.368" endtime="20250806 14:51:16.378"/>
</kw>
<kw name="When user click checkout button on cart page" library="CartPage">
<kw name="user click pilih semua on cart page" library="CartPage">
<kw name="Wait Until Element Is Visible" library="SeleniumLibrary">
<arg>${checkboxPilihSemuaOnCartPage}</arg>
<doc>Waits until the element ``locator`` is visible.</doc>
<status status="PASS" starttime="20250806 14:51:16.379" endtime="20250806 14:51:16.398"/>
</kw>
<kw name="Click Element" library="SeleniumLibrary">
<arg>${checkboxPilihSemuaOnCartPage}</arg>
<doc>Click the element identified by ``locator``.</doc>
<msg timestamp="20250806 14:51:16.399" level="INFO">Clicking element 'xpath=//label[text()='Pilih Semua ']/preceding-sibling::input'.</msg>
<status status="PASS" starttime="20250806 14:51:16.399" endtime="20250806 14:51:16.463"/>
</kw>
<status status="PASS" starttime="20250806 14:51:16.378" endtime="20250806 14:51:16.463"/>
</kw>
<kw name="Wait Until Element Is Visible" library="SeleniumLibrary">
<arg>${buttonCheckoutOnCartPage}</arg>
<doc>Waits until the element ``locator`` is visible.</doc>
<status status="PASS" starttime="20250806 14:51:16.463" endtime="20250806 14:51:16.491"/>
</kw>
<kw name="Click Element" library="SeleniumLibrary">
<arg>${buttonCheckoutOnCartPage}</arg>
<doc>Click the element identified by ``locator``.</doc>
<msg timestamp="20250806 14:51:16.492" level="INFO">Clicking element 'xpath=//button[text()='Checkout']'.</msg>
<status status="PASS" starttime="20250806 14:51:16.491" endtime="20250806 14:51:17.495"/>
</kw>
<status status="PASS" starttime="20250806 14:51:16.378" endtime="20250806 14:51:17.496"/>
</kw>
<kw name="Then user is on checkout page" library="CheckoutPage">
<kw name="Wait Until Element Is Visible" library="SeleniumLibrary">
<arg>${textCheckoutTitle}</arg>
<doc>Waits until the element ``locator`` is visible.</doc>
<status status="PASS" starttime="20250806 14:51:17.496" endtime="20250806 14:51:17.691"/>
</kw>
<kw name="Element Should Be Visible" library="SeleniumLibrary">
<arg>${textCheckoutTitle}</arg>
<doc>Verifies that the element identified by ``locator`` is visible.</doc>
<msg timestamp="20250806 14:51:17.809" level="INFO">Element 'xpath=//p[text()='Checkout']' is displayed.</msg>
<status status="PASS" starttime="20250806 14:51:17.691" endtime="20250806 14:51:17.809"/>
</kw>
<kw name="Get Location" library="SeleniumLibrary">
<var>${current_url}</var>
<doc>Returns the current browser window URL.</doc>
<msg timestamp="20250806 14:51:17.813" level="INFO">${current_url} = https://dev.kardoos.co.id/shipping</msg>
<status status="PASS" starttime="20250806 14:51:17.810" endtime="20250806 14:51:17.813"/>
</kw>
<kw name="Log" library="BuiltIn">
<arg>Current URL: ${current_url}</arg>
<doc>Logs the given message with the given level.</doc>
<msg timestamp="20250806 14:51:17.813" level="INFO">Current URL: https://dev.kardoos.co.id/shipping</msg>
<status status="PASS" starttime="20250806 14:51:17.813" endtime="20250806 14:51:17.813"/>
</kw>
<kw name="Should Contain" library="BuiltIn">
<arg>${current_url}</arg>
<arg>/shipping</arg>
<doc>Fails if ``container`` does not contain ``item`` one or more times.</doc>
<status status="PASS" starttime="20250806 14:51:17.813" endtime="20250806 14:51:17.813"/>
</kw>
<status status="PASS" starttime="20250806 14:51:17.496" endtime="20250806 14:51:17.814"/>
</kw>
<kw name="When user choose shipping type on checkout page" library="CheckoutPage">
<arg>${ShippingType}</arg>
<kw name="Run Keyword And Return Status" library="BuiltIn">
<var>${alreadyChooseKurir}</var>
<arg>Wait Until Element Is Visible</arg>
<arg>${buttonGantiKurirOnCartPage}</arg>
<arg>timeout=120</arg>
<doc>Runs the given keyword with given arguments and returns the status as a Boolean value.</doc>
<kw name="Wait Until Element Is Visible" library="SeleniumLibrary">
<arg>${buttonGantiKurirOnCartPage}</arg>
<arg>timeout=120</arg>
<doc>Waits until the element ``locator`` is visible.</doc>
<status status="PASS" starttime="20250806 14:51:17.814" endtime="20250806 14:51:19.654"/>
</kw>
<msg timestamp="20250806 14:51:19.654" level="INFO">${alreadyChooseKurir} = True</msg>
<status status="PASS" starttime="20250806 14:51:17.814" endtime="20250806 14:51:19.654"/>
</kw>
<kw name="Run Keyword If" library="BuiltIn">
<arg>'${alreadyChooseKurir}' == 'True'</arg>
<arg>user click ganti kurir button on checkout page</arg>
<arg>ELSE</arg>
<arg>user click pilih kurir button on checkout page</arg>
<doc>Runs the given keyword with the given arguments, if ``condition`` is true.</doc>
<kw name="user click ganti kurir button on checkout page" library="CheckoutPage">
<kw name="Wait Until Element Is Visible" library="SeleniumLibrary">
<arg>${buttonGantiKurirOnCartPage}</arg>
<doc>Waits until the element ``locator`` is visible.</doc>
<status status="PASS" starttime="20250806 14:51:19.655" endtime="20250806 14:51:19.669"/>
</kw>
<kw name="Sleep" library="BuiltIn">
<arg>2</arg>
<doc>Pauses the test executed for the given time.</doc>
<msg timestamp="20250806 14:51:21.670" level="INFO">Slept 2 seconds</msg>
<status status="PASS" starttime="20250806 14:51:19.669" endtime="20250806 14:51:21.670"/>
</kw>
<kw name="Scroll Element Into View" library="SeleniumLibrary">
<arg>${buttonGantiKurirOnCartPage}</arg>
<doc>Scrolls the element identified by ``locator`` into view.</doc>
<status status="PASS" starttime="20250806 14:51:21.670" endtime="20250806 14:51:21.956"/>
</kw>
<kw name="Click Element" library="SeleniumLibrary">
<arg>${buttonGantiKurirOnCartPage}</arg>
<doc>Click the element identified by ``locator``.</doc>
<msg timestamp="20250806 14:51:21.957" level="INFO">Clicking element 'xpath=//button[text()='Ganti Kurir']'.</msg>
<status status="PASS" starttime="20250806 14:51:21.956" endtime="20250806 14:51:22.076"/>
</kw>
<status status="PASS" starttime="20250806 14:51:19.655" endtime="20250806 14:51:22.076"/>
</kw>
<status status="PASS" starttime="20250806 14:51:19.655" endtime="20250806 14:51:22.076"/>
</kw>
<kw name="Wait Until Element Is Visible" library="SeleniumLibrary">
<arg>${buttonTerapkanShippingOnCheckoutPage}</arg>
<doc>Waits until the element ``locator`` is visible.</doc>
<status status="PASS" starttime="20250806 14:51:22.076" endtime="20250806 14:51:22.094"/>
</kw>
<kw name="Run Keyword If" library="BuiltIn">
<arg>'${ShippingType}' == 'Express'</arg>
<arg>user choose shipping type express on checkout page</arg>
<arg>ELSE IF</arg>
<arg>'${ShippingType}' == 'Reguler'</arg>
<arg>user choose shipping type reguler on checkout page</arg>
<arg>ELSE</arg>
<arg>user choose shipping type sameday on checkout page</arg>
<doc>Runs the given keyword with the given arguments, if ``condition`` is true.</doc>
<kw name="user choose shipping type express on checkout page" library="CheckoutPage">
<kw name="Wait Until Element Is Visible" library="SeleniumLibrary">
<arg>${dropdownExpressShippingOnCartPage}</arg>
<doc>Waits until the element ``locator`` is visible.</doc>
<status status="PASS" starttime="20250806 14:51:22.095" endtime="20250806 14:51:22.112"/>
</kw>
<kw name="Sleep" library="BuiltIn">
<arg>2</arg>
<doc>Pauses the test executed for the given time.</doc>
<msg timestamp="20250806 14:51:24.113" level="INFO">Slept 2 seconds</msg>
<status status="PASS" starttime="20250806 14:51:22.112" endtime="20250806 14:51:24.113"/>
</kw>
<kw name="Scroll Element Into View" library="SeleniumLibrary">
<arg>${dropdownExpressShippingOnCartPage}</arg>
<doc>Scrolls the element identified by ``locator`` into view.</doc>
<status status="PASS" starttime="20250806 14:51:24.114" endtime="20250806 14:51:24.384"/>
</kw>
<kw name="Click Element" library="SeleniumLibrary">
<arg>${dropdownExpressShippingOnCartPage}</arg>
<doc>Click the element identified by ``locator``.</doc>
<msg timestamp="20250806 14:51:24.385" level="INFO">Clicking element 'xpath=//span/b[text()='Express']'.</msg>
<status status="PASS" starttime="20250806 14:51:24.384" endtime="20250806 14:51:24.440"/>
</kw>
<status status="PASS" starttime="20250806 14:51:22.094" endtime="20250806 14:51:24.440"/>
</kw>
<status status="PASS" starttime="20250806 14:51:22.094" endtime="20250806 14:51:24.440"/>
</kw>
<status status="PASS" starttime="20250806 14:51:17.814" endtime="20250806 14:51:24.440"/>
</kw>
<kw name="And user select shipping method on checkout page" library="CheckoutPage">
<arg>${ShippingType}</arg>
<kw name="Run Keyword If" library="BuiltIn">
<arg>'${ShippingType}' == 'Express'</arg>
<arg>user select shipping method express on checkout page</arg>
<arg>ELSE IF</arg>
<arg>'${ShippingType}' == 'Reguler'</arg>
<arg>user select shipping method reguler on checkout page</arg>
<arg>ELSE</arg>
<arg>user select shipping method sameday on checkout page</arg>
<doc>Runs the given keyword with the given arguments, if ``condition`` is true.</doc>
<kw name="user select shipping method express on checkout page" library="CheckoutPage">
<kw name="Wait Until Element Is Visible" library="SeleniumLibrary">
<arg>${textShippingExpressOptionOnCheckoutPage}</arg>
<doc>Waits until the element ``locator`` is visible.</doc>
<status status="PASS" starttime="20250806 14:51:24.441" endtime="20250806 14:51:24.682"/>
</kw>
<kw name="Get Element Count" library="SeleniumLibrary">
<var>${totalshippingmethod}</var>
<arg>${textShippingExpressOptionOnCheckoutPage}</arg>
<doc>Returns the number of elements matching ``locator``.</doc>
<msg timestamp="20250806 14:51:24.689" level="INFO">${totalshippingmethod} = 1</msg>
<status status="PASS" starttime="20250806 14:51:24.682" endtime="20250806 14:51:24.689"/>
</kw>
<kw name="Evaluate" library="BuiltIn">
<var>${random}</var>
<arg>random.randint(1, ${totalshippingmethod})</arg>
<arg>modules=random</arg>
<doc>Evaluates the given expression in Python and returns the result.</doc>
<msg timestamp="20250806 14:51:24.690" level="INFO">${random} = 1</msg>
<status status="PASS" starttime="20250806 14:51:24.690" endtime="20250806 14:51:24.690"/>
</kw>
<kw name="Catenate" library="BuiltIn">
<var>${index}</var>
<arg>[${random}]</arg>
<doc>Catenates the given items together and returns the resulted string.</doc>
<msg timestamp="20250806 14:51:24.690" level="INFO">${index} = [1]</msg>
<status status="PASS" starttime="20250806 14:51:24.690" endtime="20250806 14:51:24.690"/>
</kw>
<kw name="Set Local Variable" library="BuiltIn">
<arg>${textShippingExpressOptionOnCheckoutPage}</arg>
<arg>xpath=(//span/b[text()='Express']/ancestor::h2/following-sibling::div//div/b)${index}</arg>
<doc>Makes a variable available everywhere within the local scope.</doc>
<msg timestamp="20250806 14:51:24.691" level="INFO">${textShippingExpressOptionOnCheckoutPage} = xpath=(//span/b[text()='Express']/ancestor::h2/following-sibling::div//div/b)[1]</msg>
<status status="PASS" starttime="20250806 14:51:24.690" endtime="20250806 14:51:24.691"/>
</kw>
<kw name="Scroll Element Into View" library="SeleniumLibrary">
<arg>${textShippingExpressOptionOnCheckoutPage}</arg>
<doc>Scrolls the element identified by ``locator`` into view.</doc>
<status status="PASS" starttime="20250806 14:51:24.691" endtime="20250806 14:51:24.966"/>
</kw>
<kw name="Click Element" library="SeleniumLibrary">
<arg>${textShippingExpressOptionOnCheckoutPage}</arg>
<doc>Click the element identified by ``locator``.</doc>
<msg timestamp="20250806 14:51:24.967" level="INFO">Clicking element 'xpath=(//span/b[text()='Express']/ancestor::h2/following-sibling::div//div/b)[1]'.</msg>
<status status="PASS" starttime="20250806 14:51:24.966" endtime="20250806 14:51:25.018"/>
</kw>
<status status="PASS" starttime="20250806 14:51:24.441" endtime="20250806 14:51:25.018"/>
</kw>
<status status="PASS" starttime="20250806 14:51:24.441" endtime="20250806 14:51:25.018"/>
</kw>
<status status="PASS" starttime="20250806 14:51:24.440" endtime="20250806 14:51:25.018"/>
</kw>
<kw name="And user click button terapkan shipping on checkout page" library="CheckoutPage">
<kw name="Wait Until Element Is Visible" library="SeleniumLibrary">
<arg>${buttonTerapkanShippingOnCheckoutPage}</arg>
<doc>Waits until the element ``locator`` is visible.</doc>
<status status="PASS" starttime="20250806 14:51:25.019" endtime="20250806 14:51:25.032"/>
</kw>
<kw name="Click Element" library="SeleniumLibrary">
<arg>${buttonTerapkanShippingOnCheckoutPage}</arg>
<doc>Click the element identified by ``locator``.</doc>
<msg timestamp="20250806 14:51:25.032" level="INFO">Clicking element 'xpath=//label[text()='Pilih kurir favoritmu']/parent::div/following-sibling::div/button[text()='Terapkan']'.</msg>
<status status="PASS" starttime="20250806 14:51:25.032" endtime="20250806 14:51:25.128"/>
</kw>
<status status="PASS" starttime="20250806 14:51:25.018" endtime="20250806 14:51:25.128"/>
</kw>
<kw name="And user get choosen address on checkout page" library="CheckoutPage">
<kw name="Sleep" library="BuiltIn">
<arg>5</arg>
<doc>Pauses the test executed for the given time.</doc>
<msg timestamp="20250806 14:51:30.131" level="INFO">Slept 5 seconds</msg>
<status status="PASS" starttime="20250806 14:51:25.129" endtime="20250806 14:51:30.131"/>
</kw>
<kw name="Wait Until Element Is Visible" library="SeleniumLibrary">
<arg>${textAddressNameOnCheckoutPage}</arg>
<doc>Waits until the element ``locator`` is visible.</doc>
<status status="PASS" starttime="20250806 14:51:30.132" endtime="20250806 14:51:30.152"/>
</kw>
<kw name="Get Text" library="SeleniumLibrary">
<var>${addressname}</var>
<arg>${textAddressNameOnCheckoutPage}</arg>
<doc>Returns the text value of the element identified by ``locator``.</doc>
<msg timestamp="20250806 14:51:30.170" level="INFO">${addressname} = test angga kardoos</msg>
<status status="PASS" starttime="20250806 14:51:30.152" endtime="20250806 14:51:30.170"/>
</kw>
<kw name="Set Global Variable" library="BuiltIn">
<arg>${AddressName}</arg>
<arg>${addressname}</arg>
<doc>Makes a variable available globally in all tests and suites.</doc>
<msg timestamp="20250806 14:51:30.171" level="INFO">${AddressName} = test angga kardoos</msg>
<status status="PASS" starttime="20250806 14:51:30.171" endtime="20250806 14:51:30.171"/>
</kw>
<status status="PASS" starttime="20250806 14:51:25.129" endtime="20250806 14:51:30.171"/>
</kw>
<kw name="And user remove all promo on checkout page" library="CheckoutPage">
<kw name="user click cari promo to get popup voucher on checkout page" library="CheckoutPage">
<kw name="Wait Until Element Is Visible" library="SeleniumLibrary">
<arg>${buttonPromoOnCheckoutPage}</arg>
<doc>Waits until the element ``locator`` is visible.</doc>
<status status="PASS" starttime="20250806 14:51:30.172" endtime="20250806 14:51:30.204"/>
</kw>
<kw name="Click Element" library="SeleniumLibrary">
<arg>${buttonPromoOnCheckoutPage}</arg>
<doc>Click the element identified by ``locator``.</doc>
<msg timestamp="20250806 14:51:30.205" level="INFO">Clicking element 'xpath=//button[contains(@class,'btnVoucher')]'.</msg>
<status status="PASS" starttime="20250806 14:51:30.204" endtime="20250806 14:51:30.318"/>
</kw>
<status status="PASS" starttime="20250806 14:51:30.171" endtime="20250806 14:51:30.318"/>
</kw>
<kw name="user reset promo on checkout page" library="CheckoutPage">
<kw name="Run Keyword And Return Status" library="BuiltIn">
<var>${havenotUsePromo}</var>
<arg>Wait Until Element Is Visible</arg>
<arg>${buttonLanjutTanpaPromoOnPopupVoucher}</arg>
<arg>timeout=5</arg>
<doc>Runs the given keyword with given arguments and returns the status as a Boolean value.</doc>
<kw name="Wait Until Element Is Visible" library="SeleniumLibrary">
<arg>${buttonLanjutTanpaPromoOnPopupVoucher}</arg>
<arg>timeout=5</arg>
<doc>Waits until the element ``locator`` is visible.</doc>
<msg timestamp="20250806 14:51:35.520" level="INFO" html="true">&lt;/td&gt;&lt;/tr&gt;&lt;tr&gt;&lt;td colspan="3"&gt;&lt;a href="selenium-screenshot-2.png"&gt;&lt;img src="selenium-screenshot-2.png" width="800px"&gt;&lt;/a&gt;</msg>
<msg timestamp="20250806 14:51:35.520" level="FAIL">Element 'xpath=//button/div[text()='Lanjut Tanpa Promo']' not visible after 5 seconds.</msg>
<status status="FAIL" starttime="20250806 14:51:30.319" endtime="20250806 14:51:35.521"/>
</kw>
<msg timestamp="20250806 14:51:35.521" level="INFO">${havenotUsePromo} = False</msg>
<status status="PASS" starttime="20250806 14:51:30.319" endtime="20250806 14:51:35.521"/>
</kw>
<kw name="Run Keyword If" library="BuiltIn">
<arg>'${havenotUsePromo}'=='True'</arg>
<arg>Log To Console</arg>
<arg>belum ada voucher yang digunakan</arg>
<arg>ELSE</arg>
<arg>Click Element</arg>
<arg>${buttonResetPromoOnPopupVoucher}</arg>
<doc>Runs the given keyword with the given arguments, if ``condition`` is true.</doc>
<kw name="Click Element" library="SeleniumLibrary">
<arg>${buttonResetPromoOnPopupVoucher}</arg>
<doc>Click the element identified by ``locator``.</doc>
<msg timestamp="20250806 14:51:35.522" level="INFO">Clicking element 'xpath=//button[text()='Reset Promo']'.</msg>
<status status="PASS" starttime="20250806 14:51:35.521" endtime="20250806 14:51:35.618"/>
</kw>
<status status="PASS" starttime="20250806 14:51:35.521" endtime="20250806 14:51:35.618"/>
</kw>
<status status="PASS" starttime="20250806 14:51:30.318" endtime="20250806 14:51:35.618"/>
</kw>
<kw name="user click button lanjut tanpa promo on checkout page" library="CheckoutPage">
<kw name="Wait Until Element Is Visible" library="SeleniumLibrary">
<arg>${buttonLanjutTanpaPromoOnPopupVoucher}</arg>
<doc>Waits until the element ``locator`` is visible.</doc>
<status status="PASS" starttime="20250806 14:51:35.619" endtime="20250806 14:51:35.916"/>
</kw>
<kw name="Click Element" library="SeleniumLibrary">
<arg>${buttonLanjutTanpaPromoOnPopupVoucher}</arg>
<doc>Click the element identified by ``locator``.</doc>
<msg timestamp="20250806 14:51:35.917" level="INFO">Clicking element 'xpath=//button/div[text()='Lanjut Tanpa Promo']'.</msg>
<status status="PASS" starttime="20250806 14:51:35.917" endtime="20250806 14:51:36.006"/>
</kw>
<status status="PASS" starttime="20250806 14:51:35.619" endtime="20250806 14:51:36.006"/>
</kw>
<status status="PASS" starttime="20250806 14:51:30.171" endtime="20250806 14:51:36.006"/>
</kw>
<kw name="And user get total amount on checkout page" library="CheckoutPage">
<kw name="Wait Until Element Is Visible" library="SeleniumLibrary">
<arg>${textProductAmountOnCheckoutPage}</arg>
<doc>Waits until the element ``locator`` is visible.</doc>
<status status="PASS" starttime="20250806 14:51:36.007" endtime="20250806 14:51:36.025"/>
</kw>
<kw name="Sleep" library="BuiltIn">
<arg>5</arg>
<doc>Pauses the test executed for the given time.</doc>
<msg timestamp="20250806 14:51:41.027" level="INFO">Slept 5 seconds</msg>
<status status="PASS" starttime="20250806 14:51:36.026" endtime="20250806 14:51:41.027"/>
</kw>
<kw name="Get Text" library="SeleniumLibrary">
<var>${totalproductamount}</var>
<arg>${textProductAmountOnCheckoutPage}</arg>
<doc>Returns the text value of the element identified by ``locator``.</doc>
<msg timestamp="20250806 14:51:41.044" level="INFO">${totalproductamount} = Rp 905,322</msg>
<status status="PASS" starttime="20250806 14:51:41.028" endtime="20250806 14:51:41.044"/>
</kw>
<kw name="Remove String" library="String">
<var>${total_product_amount}</var>
<arg>${totalproductamount}</arg>
<arg>Rp</arg>
<doc>Removes all ``removables`` from the given ``string``.</doc>
<msg timestamp="20250806 14:51:41.044" level="INFO">${total_product_amount} =  905,322</msg>
<status status="PASS" starttime="20250806 14:51:41.044" endtime="20250806 14:51:41.044"/>
</kw>
<kw name="Evaluate" library="BuiltIn">
<var>${total_product_amount_edit}</var>
<arg>'''${total_product_amount}'''.strip()</arg>
<doc>Evaluates the given expression in Python and returns the result.</doc>
<msg timestamp="20250806 14:51:41.045" level="INFO">${total_product_amount_edit} = 905,322</msg>
<status status="PASS" starttime="20250806 14:51:41.044" endtime="20250806 14:51:41.045"/>
</kw>
<kw name="Log To Console" library="BuiltIn">
<arg>ini total_product_amount ${total_product_amount_edit}</arg>
<doc>Logs the given message to the console.</doc>
<status status="PASS" starttime="20250806 14:51:41.045" endtime="20250806 14:51:41.045"/>
</kw>
<kw name="Set Global Variable" library="BuiltIn">
<arg>${TotalProductAmount}</arg>
<arg>${total_product_amount_edit}</arg>
<doc>Makes a variable available globally in all tests and suites.</doc>
<msg timestamp="20250806 14:51:41.045" level="INFO">${TotalProductAmount} = 905,322</msg>
<status status="PASS" starttime="20250806 14:51:41.045" endtime="20250806 14:51:41.045"/>
</kw>
<kw name="Get Text" library="SeleniumLibrary">
<var>${totalshipingamount}</var>
<arg>${textShippingFeeOnCheckoutPage}</arg>
<doc>Returns the text value of the element identified by ``locator``.</doc>
<msg timestamp="20250806 14:51:41.062" level="INFO">${totalshipingamount} = Rp 80,000</msg>
<status status="PASS" starttime="20250806 14:51:41.046" endtime="20250806 14:51:41.062"/>
</kw>
<kw name="Remove String" library="String">
<var>${total_shipping_amount}</var>
<arg>${totalshipingamount}</arg>
<arg>Rp</arg>
<doc>Removes all ``removables`` from the given ``string``.</doc>
<msg timestamp="20250806 14:51:41.063" level="INFO">${total_shipping_amount} =  80,000</msg>
<status status="PASS" starttime="20250806 14:51:41.062" endtime="20250806 14:51:41.063"/>
</kw>
<kw name="Evaluate" library="BuiltIn">
<var>${total_shipping_amount_edit}</var>
<arg>'''${total_shipping_amount}'''.strip()</arg>
<doc>Evaluates the given expression in Python and returns the result.</doc>
<msg timestamp="20250806 14:51:41.063" level="INFO">${total_shipping_amount_edit} = 80,000</msg>
<status status="PASS" starttime="20250806 14:51:41.063" endtime="20250806 14:51:41.063"/>
</kw>
<kw name="Log To Console" library="BuiltIn">
<arg>ini shipping_amount ${total_shipping_amount_edit}</arg>
<doc>Logs the given message to the console.</doc>
<status status="PASS" starttime="20250806 14:51:41.063" endtime="20250806 14:51:41.063"/>
</kw>
<kw name="Set Global Variable" library="BuiltIn">
<arg>${TotalShippingAmount}</arg>
<arg>${total_shipping_amount_edit}</arg>
<doc>Makes a variable available globally in all tests and suites.</doc>
<msg timestamp="20250806 14:51:41.064" level="INFO">${TotalShippingAmount} = 80,000</msg>
<status status="PASS" starttime="20250806 14:51:41.064" endtime="20250806 14:51:41.064"/>
</kw>
<kw name="Get Text" library="SeleniumLibrary">
<var>${totalamount}</var>
<arg>${textTotalOnCheckoutPage}</arg>
<doc>Returns the text value of the element identified by ``locator``.</doc>
<msg timestamp="20250806 14:51:41.080" level="INFO">${totalamount} = Rp 985,322</msg>
<status status="PASS" starttime="20250806 14:51:41.064" endtime="20250806 14:51:41.080"/>
</kw>
<kw name="Remove String" library="String">
<var>${total_amount}</var>
<arg>${totalamount}</arg>
<arg>Rp</arg>
<doc>Removes all ``removables`` from the given ``string``.</doc>
<msg timestamp="20250806 14:51:41.081" level="INFO">${total_amount} =  985,322</msg>
<status status="PASS" starttime="20250806 14:51:41.080" endtime="20250806 14:51:41.081"/>
</kw>
<kw name="Evaluate" library="BuiltIn">
<var>${total_amount_edit}</var>
<arg>'''${total_amount}'''.strip()</arg>
<doc>Evaluates the given expression in Python and returns the result.</doc>
<msg timestamp="20250806 14:51:41.081" level="INFO">${total_amount_edit} = 985,322</msg>
<status status="PASS" starttime="20250806 14:51:41.081" endtime="20250806 14:51:41.081"/>
</kw>
<kw name="Log To Console" library="BuiltIn">
<arg>ini total_amount ${total_amount_edit}</arg>
<doc>Logs the given message to the console.</doc>
<status status="PASS" starttime="20250806 14:51:41.081" endtime="20250806 14:51:41.081"/>
</kw>
<kw name="Set Global Variable" library="BuiltIn">
<arg>${TotalAmount}</arg>
<arg>${total_amount_edit}</arg>
<doc>Makes a variable available globally in all tests and suites.</doc>
<msg timestamp="20250806 14:51:41.082" level="INFO">${TotalAmount} = 985,322</msg>
<status status="PASS" starttime="20250806 14:51:41.081" endtime="20250806 14:51:41.082"/>
</kw>
<status status="PASS" starttime="20250806 14:51:36.007" endtime="20250806 14:51:41.082"/>
</kw>
<kw name="And user click button lanjut bayar on checkout page" library="CheckoutPage">
<kw name="Wait Until Element Is Visible" library="SeleniumLibrary">
<arg>${buttonLanjutBayarOnCheckoutPage}</arg>
<doc>Waits until the element ``locator`` is visible.</doc>
<status status="PASS" starttime="20250806 14:51:41.082" endtime="20250806 14:51:41.100"/>
</kw>
<kw name="Click Element" library="SeleniumLibrary">
<arg>${buttonLanjutBayarOnCheckoutPage}</arg>
<doc>Click the element identified by ``locator``.</doc>
<msg timestamp="20250806 14:51:41.100" level="INFO">Clicking element 'xpath=//button[text()='Lanjut Bayar']'.</msg>
<status status="PASS" starttime="20250806 14:51:41.100" endtime="20250806 14:51:41.177"/>
</kw>
<status status="PASS" starttime="20250806 14:51:41.082" endtime="20250806 14:51:41.178"/>
</kw>
<kw name="And user go to dashboard from checkout page" library="CheckoutPage">
<kw name="Sleep" library="BuiltIn">
<arg>5</arg>
<doc>Pauses the test executed for the given time.</doc>
<msg timestamp="20250806 14:51:46.179" level="INFO">Slept 5 seconds</msg>
<status status="PASS" starttime="20250806 14:51:41.178" endtime="20250806 14:51:46.179"/>
</kw>
<kw name="Go To" library="SeleniumLibrary">
<arg>${KARDOOS_DAHBOARD_URL}</arg>
<doc>Navigates the current browser window to the provided ``url``.</doc>
<msg timestamp="20250806 14:51:46.180" level="INFO">Opening url 'https://dev.kardoos.co.id/dashboard'</msg>
<status status="PASS" starttime="20250806 14:51:46.179" endtime="20250806 14:51:46.470"/>
</kw>
<status status="PASS" starttime="20250806 14:51:41.178" endtime="20250806 14:51:46.470"/>
</kw>
<kw name="Then user is on dashboard page" library="DashboardPage">
<kw name="Wait Until Element Is Visible" library="SeleniumLibrary">
<arg>${buttonPengaturan}</arg>
<doc>Waits until the element ``locator`` is visible.</doc>
<status status="PASS" starttime="20250806 14:51:46.470" endtime="20250806 14:51:46.491"/>
</kw>
<kw name="Element Should Be Visible" library="SeleniumLibrary">
<arg>${buttonPengaturan}</arg>
<doc>Verifies that the element identified by ``locator`` is visible.</doc>
<msg timestamp="20250806 14:51:46.507" level="INFO">Element 'xpath=(//div[@class='pembatas']/preceding-sibling::div[@class='item-header'])[3]' is displayed.</msg>
<status status="PASS" starttime="20250806 14:51:46.491" endtime="20250806 14:51:46.507"/>
</kw>
<status status="PASS" starttime="20250806 14:51:46.470" endtime="20250806 14:51:46.507"/>
</kw>
<kw name="When user go to kardoos instant order list page" library="DashboardPage">
<kw name="Wait Until Element Is Visible" library="SeleniumLibrary">
<arg>${textMenungguPembayaranOndashboardPage}</arg>
<doc>Waits until the element ``locator`` is visible.</doc>
<status status="PASS" starttime="20250806 14:51:46.508" endtime="20250806 14:51:46.525"/>
</kw>
<kw name="Click Element" library="SeleniumLibrary">
<arg>${textMenungguPembayaranOndashboardPage}</arg>
<doc>Click the element identified by ``locator``.</doc>
<msg timestamp="20250806 14:51:46.526" level="INFO">Clicking element 'xpath=//p[text()='Menunggu Pembayaran']'.</msg>
<status status="PASS" starttime="20250806 14:51:46.526" endtime="20250806 14:51:46.587"/>
</kw>
<status status="PASS" starttime="20250806 14:51:46.507" endtime="20250806 14:51:46.587"/>
</kw>
<kw name="Then verify data product flute on order list page" library="OrderListPage">
<kw name="Wait Until Element Is Visible" library="SeleniumLibrary">
<arg>${textKecepatanProduksiOnOrderListPage}</arg>
<arg>timeout=10</arg>
<doc>Waits until the element ``locator`` is visible.</doc>
<status status="PASS" starttime="20250806 14:51:46.587" endtime="20250806 14:51:47.284"/>
</kw>
<kw name="Sleep" library="BuiltIn">
<arg>2</arg>
<doc>Pauses the test executed for the given time.</doc>
<msg timestamp="20250806 14:51:49.287" level="INFO">Slept 2 seconds</msg>
<status status="PASS" starttime="20250806 14:51:47.285" endtime="20250806 14:51:49.287"/>
</kw>
<kw name="Element Should Contain" library="SeleniumLibrary">
<arg>${textUkuranOnOrderListPage}</arg>
<arg>${PanjangKardus}</arg>
<doc>Verifies that element ``locator`` contains text ``expected``.</doc>
<msg timestamp="20250806 14:51:49.307" level="INFO">Element 'xpath=(//div[text()='Ukuran']/following-sibling::div[1])[1]' contains text '14'.</msg>
<status status="PASS" starttime="20250806 14:51:49.287" endtime="20250806 14:51:49.307"/>
</kw>
<kw name="Element Should Contain" library="SeleniumLibrary">
<arg>${textUkuranOnOrderListPage}</arg>
<arg>${LebarKardus}</arg>
<doc>Verifies that element ``locator`` contains text ``expected``.</doc>
<msg timestamp="20250806 14:51:49.321" level="INFO">Element 'xpath=(//div[text()='Ukuran']/following-sibling::div[1])[1]' contains text '19'.</msg>
<status status="PASS" starttime="20250806 14:51:49.308" endtime="20250806 14:51:49.321"/>
</kw>
<kw name="Element Should Contain" library="SeleniumLibrary">
<arg>${textUkuranOnOrderListPage}</arg>
<arg>${TinggiKardus}</arg>
<doc>Verifies that element ``locator`` contains text ``expected``.</doc>
<msg timestamp="20250806 14:51:49.334" level="INFO">Element 'xpath=(//div[text()='Ukuran']/following-sibling::div[1])[1]' contains text '11'.</msg>
<status status="PASS" starttime="20250806 14:51:49.321" endtime="20250806 14:51:49.334"/>
</kw>
<kw name="Element Should Contain" library="SeleniumLibrary">
<arg>${textQtyOnOrderListPage}</arg>
<arg>${QtyKardus}</arg>
<doc>Verifies that element ``locator`` contains text ``expected``.</doc>
<msg timestamp="20250806 14:51:49.350" level="INFO">Element 'xpath=(//div[text()='Jumlah']/following-sibling::div[1])[1]' contains text '58'.</msg>
<status status="PASS" starttime="20250806 14:51:49.335" endtime="20250806 14:51:49.350"/>
</kw>
<kw name="Element Should Contain" library="SeleniumLibrary">
<arg>${textAddressNameOnOrderListPage}</arg>
<arg>${AddressName}</arg>
<doc>Verifies that element ``locator`` contains text ``expected``.</doc>
<msg timestamp="20250806 14:51:49.366" level="INFO">Element 'xpath=(//label[text()='Alamat Pengiriman']/parent::div/following-sibling::div/div[1])[1]/div[1]' contains text 'test angga kardoos'.</msg>
<status status="PASS" starttime="20250806 14:51:49.351" endtime="20250806 14:51:49.366"/>
</kw>
<kw name="Element Should Contain" library="SeleniumLibrary">
<arg>${textProductAmountOnOrderListPage}</arg>
<arg>${TotalProductAmount}</arg>
<doc>Verifies that element ``locator`` contains text ``expected``.</doc>
<msg timestamp="20250806 14:51:49.381" level="INFO">Element 'xpath=(//div[text()='Total Belanja'])[1]/following-sibling::div' contains text '905,322'.</msg>
[...]
<var>${total_product_amount}</var>
<arg>${totalproductamount}</arg>
<arg>Rp</arg>
<doc>Removes all ``removables`` from the given ``string``.</doc>
<msg timestamp="20250806 14:57:32.860" level="INFO">${total_product_amount} =  4,552,676</msg>
<status status="PASS" starttime="20250806 14:57:32.860" endtime="20250806 14:57:32.860"/>
</kw>
<kw name="Evaluate" library="BuiltIn">
<var>${total_product_amount_edit}</var>
<arg>'''${total_product_amount}'''.strip()</arg>
<doc>Evaluates the given expression in Python and returns the result.</doc>
<msg timestamp="20250806 14:57:32.860" level="INFO">${total_product_amount_edit} = 4,552,676</msg>
<status status="PASS" starttime="20250806 14:57:32.860" endtime="20250806 14:57:32.860"/>
</kw>
<kw name="Log To Console" library="BuiltIn">
<arg>ini total_product_amount ${total_product_amount_edit}</arg>
<doc>Logs the given message to the console.</doc>
<status status="PASS" starttime="20250806 14:57:32.860" endtime="20250806 14:57:32.861"/>
</kw>
<kw name="Set Global Variable" library="BuiltIn">
<arg>${TotalProductAmount}</arg>
<arg>${total_product_amount_edit}</arg>
<doc>Makes a variable available globally in all tests and suites.</doc>
<msg timestamp="20250806 14:57:32.861" level="INFO">${TotalProductAmount} = 4,552,676</msg>
<status status="PASS" starttime="20250806 14:57:32.861" endtime="20250806 14:57:32.861"/>
</kw>
<kw name="Get Text" library="SeleniumLibrary">
<var>${totalshipingamount}</var>
<arg>${textShippingFeeOnCheckoutPage}</arg>
<doc>Returns the text value of the element identified by ``locator``.</doc>
<msg timestamp="20250806 14:57:32.878" level="INFO">${totalshipingamount} = Rp 356,500</msg>
<status status="PASS" starttime="20250806 14:57:32.861" endtime="20250806 14:57:32.878"/>
</kw>
<kw name="Remove String" library="String">
<var>${total_shipping_amount}</var>
<arg>${totalshipingamount}</arg>
<arg>Rp</arg>
<doc>Removes all ``removables`` from the given ``string``.</doc>
<msg timestamp="20250806 14:57:32.878" level="INFO">${total_shipping_amount} =  356,500</msg>
<status status="PASS" starttime="20250806 14:57:32.878" endtime="20250806 14:57:32.878"/>
</kw>
<kw name="Evaluate" library="BuiltIn">
<var>${total_shipping_amount_edit}</var>
<arg>'''${total_shipping_amount}'''.strip()</arg>
<doc>Evaluates the given expression in Python and returns the result.</doc>
<msg timestamp="20250806 14:57:32.879" level="INFO">${total_shipping_amount_edit} = 356,500</msg>
<status status="PASS" starttime="20250806 14:57:32.878" endtime="20250806 14:57:32.879"/>
</kw>
<kw name="Log To Console" library="BuiltIn">
<arg>ini shipping_amount ${total_shipping_amount_edit}</arg>
<doc>Logs the given message to the console.</doc>
<status status="PASS" starttime="20250806 14:57:32.879" endtime="20250806 14:57:32.879"/>
</kw>
<kw name="Set Global Variable" library="BuiltIn">
<arg>${TotalShippingAmount}</arg>
<arg>${total_shipping_amount_edit}</arg>
<doc>Makes a variable available globally in all tests and suites.</doc>
<msg timestamp="20250806 14:57:32.880" level="INFO">${TotalShippingAmount} = 356,500</msg>
<status status="PASS" starttime="20250806 14:57:32.879" endtime="20250806 14:57:32.880"/>
</kw>
<kw name="Get Text" library="SeleniumLibrary">
<var>${totalamount}</var>
<arg>${textTotalOnCheckoutPage}</arg>
<doc>Returns the text value of the element identified by ``locator``.</doc>
<msg timestamp="20250806 14:57:32.896" level="INFO">${totalamount} = Rp 4,909,176</msg>
<status status="PASS" starttime="20250806 14:57:32.880" endtime="20250806 14:57:32.896"/>
</kw>
<kw name="Remove String" library="String">
<var>${total_amount}</var>
<arg>${totalamount}</arg>
<arg>Rp</arg>
<doc>Removes all ``removables`` from the given ``string``.</doc>
<msg timestamp="20250806 14:57:32.896" level="INFO">${total_amount} =  4,909,176</msg>
<status status="PASS" starttime="20250806 14:57:32.896" endtime="20250806 14:57:32.896"/>
</kw>
<kw name="Evaluate" library="BuiltIn">
<var>${total_amount_edit}</var>
<arg>'''${total_amount}'''.strip()</arg>
<doc>Evaluates the given expression in Python and returns the result.</doc>
<msg timestamp="20250806 14:57:32.897" level="INFO">${total_amount_edit} = 4,909,176</msg>
<status status="PASS" starttime="20250806 14:57:32.897" endtime="20250806 14:57:32.897"/>
</kw>
<kw name="Log To Console" library="BuiltIn">
<arg>ini total_amount ${total_amount_edit}</arg>
<doc>Logs the given message to the console.</doc>
<status status="PASS" starttime="20250806 14:57:32.897" endtime="20250806 14:57:32.897"/>
</kw>
<kw name="Set Global Variable" library="BuiltIn">
<arg>${TotalAmount}</arg>
<arg>${total_amount_edit}</arg>
<doc>Makes a variable available globally in all tests and suites.</doc>
<msg timestamp="20250806 14:57:32.898" level="INFO">${TotalAmount} = 4,909,176</msg>
<status status="PASS" starttime="20250806 14:57:32.898" endtime="20250806 14:57:32.898"/>
</kw>
<status status="PASS" starttime="20250806 14:57:27.824" endtime="20250806 14:57:32.898"/>
</kw>
<kw name="And user click button lanjut bayar on checkout page" library="CheckoutPage">
<kw name="Wait Until Element Is Visible" library="SeleniumLibrary">
<arg>${buttonLanjutBayarOnCheckoutPage}</arg>
<doc>Waits until the element ``locator`` is visible.</doc>
<status status="PASS" starttime="20250806 14:57:32.898" endtime="20250806 14:57:32.915"/>
</kw>
<kw name="Click Element" library="SeleniumLibrary">
<arg>${buttonLanjutBayarOnCheckoutPage}</arg>
<doc>Click the element identified by ``locator``.</doc>
<msg timestamp="20250806 14:57:32.916" level="INFO">Clicking element 'xpath=//button[text()='Lanjut Bayar']'.</msg>
<status status="PASS" starttime="20250806 14:57:32.916" endtime="20250806 14:57:32.988"/>
</kw>
<status status="PASS" starttime="20250806 14:57:32.898" endtime="20250806 14:57:32.988"/>
</kw>
<kw name="And user go to dashboard from checkout page" library="CheckoutPage">
<kw name="Sleep" library="BuiltIn">
<arg>5</arg>
<doc>Pauses the test executed for the given time.</doc>
<msg timestamp="20250806 14:57:37.990" level="INFO">Slept 5 seconds</msg>
<status status="PASS" starttime="20250806 14:57:32.988" endtime="20250806 14:57:37.990"/>
</kw>
<kw name="Go To" library="SeleniumLibrary">
<arg>${KARDOOS_DAHBOARD_URL}</arg>
<doc>Navigates the current browser window to the provided ``url``.</doc>
<msg timestamp="20250806 14:57:37.990" level="INFO">Opening url 'https://dev.kardoos.co.id/dashboard'</msg>
<status status="PASS" starttime="20250806 14:57:37.990" endtime="20250806 14:57:38.284"/>
</kw>
<status status="PASS" starttime="20250806 14:57:32.988" endtime="20250806 14:57:38.284"/>
</kw>
<kw name="Then user is on dashboard page" library="DashboardPage">
<kw name="Wait Until Element Is Visible" library="SeleniumLibrary">
<arg>${buttonPengaturan}</arg>
<doc>Waits until the element ``locator`` is visible.</doc>
<status status="PASS" starttime="20250806 14:57:38.285" endtime="20250806 14:57:38.306"/>
</kw>
<kw name="Element Should Be Visible" library="SeleniumLibrary">
<arg>${buttonPengaturan}</arg>
<doc>Verifies that the element identified by ``locator`` is visible.</doc>
<msg timestamp="20250806 14:57:38.320" level="INFO">Element 'xpath=(//div[@class='pembatas']/preceding-sibling::div[@class='item-header'])[3]' is displayed.</msg>
<status status="PASS" starttime="20250806 14:57:38.306" endtime="20250806 14:57:38.320"/>
</kw>
<status status="PASS" starttime="20250806 14:57:38.285" endtime="20250806 14:57:38.320"/>
</kw>
<kw name="When user go to kardoos instant order list page" library="DashboardPage">
<kw name="Wait Until Element Is Visible" library="SeleniumLibrary">
<arg>${textMenungguPembayaranOndashboardPage}</arg>
<doc>Waits until the element ``locator`` is visible.</doc>
<status status="PASS" starttime="20250806 14:57:38.321" endtime="20250806 14:57:38.339"/>
</kw>
<kw name="Click Element" library="SeleniumLibrary">
<arg>${textMenungguPembayaranOndashboardPage}</arg>
<doc>Click the element identified by ``locator``.</doc>
<msg timestamp="20250806 14:57:38.339" level="INFO">Clicking element 'xpath=//p[text()='Menunggu Pembayaran']'.</msg>
<status status="PASS" starttime="20250806 14:57:38.339" endtime="20250806 14:57:38.399"/>
</kw>
<status status="PASS" starttime="20250806 14:57:38.321" endtime="20250806 14:57:38.399"/>
</kw>
<kw name="Then verify data product flute on order list page" library="OrderListPage">
<kw name="Wait Until Element Is Visible" library="SeleniumLibrary">
<arg>${textKecepatanProduksiOnOrderListPage}</arg>
<arg>timeout=10</arg>
<doc>Waits until the element ``locator`` is visible.</doc>
<status status="PASS" starttime="20250806 14:57:38.400" endtime="20250806 14:57:38.850"/>
</kw>
<kw name="Sleep" library="BuiltIn">
<arg>2</arg>
<doc>Pauses the test executed for the given time.</doc>
<msg timestamp="20250806 14:57:40.850" level="INFO">Slept 2 seconds</msg>
<status status="PASS" starttime="20250806 14:57:38.850" endtime="20250806 14:57:40.851"/>
</kw>
<kw name="Element Should Contain" library="SeleniumLibrary">
<arg>${textUkuranOnOrderListPage}</arg>
<arg>${PanjangKardus}</arg>
<doc>Verifies that element ``locator`` contains text ``expected``.</doc>
<msg timestamp="20250806 14:57:40.871" level="INFO">Element 'xpath=(//div[text()='Ukuran']/following-sibling::div[1])[1]' contains text '17'.</msg>
<status status="PASS" starttime="20250806 14:57:40.851" endtime="20250806 14:57:40.871"/>
</kw>
<kw name="Element Should Contain" library="SeleniumLibrary">
<arg>${textUkuranOnOrderListPage}</arg>
<arg>${LebarKardus}</arg>
<doc>Verifies that element ``locator`` contains text ``expected``.</doc>
<msg timestamp="20250806 14:57:40.885" level="INFO">Element 'xpath=(//div[text()='Ukuran']/following-sibling::div[1])[1]' contains text '22'.</msg>
<status status="PASS" starttime="20250806 14:57:40.872" endtime="20250806 14:57:40.885"/>
</kw>
<kw name="Element Should Contain" library="SeleniumLibrary">
<arg>${textUkuranOnOrderListPage}</arg>
<arg>${TinggiKardus}</arg>
<doc>Verifies that element ``locator`` contains text ``expected``.</doc>
<msg timestamp="20250806 14:57:40.898" level="INFO">Element 'xpath=(//div[text()='Ukuran']/following-sibling::div[1])[1]' contains text '14'.</msg>
<status status="PASS" starttime="20250806 14:57:40.885" endtime="20250806 14:57:40.899"/>
</kw>
<kw name="Element Should Contain" library="SeleniumLibrary">
<arg>${textQtyOnOrderListPage}</arg>
<arg>${QtyKardus}</arg>
<doc>Verifies that element ``locator`` contains text ``expected``.</doc>
<msg timestamp="20250806 14:57:40.917" level="INFO">Element 'xpath=(//div[text()='Jumlah']/following-sibling::div[1])[1]' contains text '118'.</msg>
<status status="PASS" starttime="20250806 14:57:40.899" endtime="20250806 14:57:40.917"/>
</kw>
<kw name="Element Should Contain" library="SeleniumLibrary">
<arg>${textAddressNameOnOrderListPage}</arg>
<arg>${AddressName}</arg>
<doc>Verifies that element ``locator`` contains text ``expected``.</doc>
<msg timestamp="20250806 14:57:40.933" level="INFO">Element 'xpath=(//label[text()='Alamat Pengiriman']/parent::div/following-sibling::div/div[1])[1]/div[1]' contains text 'test angga kardoos'.</msg>
<status status="PASS" starttime="20250806 14:57:40.917" endtime="20250806 14:57:40.933"/>
</kw>
<kw name="Element Should Contain" library="SeleniumLibrary">
<arg>${textProductAmountOnOrderListPage}</arg>
<arg>${TotalProductAmount}</arg>
<doc>Verifies that element ``locator`` contains text ``expected``.</doc>
<msg timestamp="20250806 14:57:40.949" level="INFO">Element 'xpath=(//div[text()='Total Belanja'])[1]/following-sibling::div' contains text '4,552,676'.</msg>
<status status="PASS" starttime="20250806 14:57:40.933" endtime="20250806 14:57:40.949"/>
</kw>
<kw name="Element Should Contain" library="SeleniumLibrary">
<arg>${textShippingFeeOnOrderListPage}</arg>
<arg>${TotalShippingAmount}</arg>
<doc>Verifies that element ``locator`` contains text ``expected``.</doc>
<msg timestamp="20250806 14:57:40.964" level="INFO">Element 'xpath=(//div[text()='Biaya Pengiriman'])[1]/following-sibling::div' contains text '356,500'.</msg>
<status status="PASS" starttime="20250806 14:57:40.949" endtime="20250806 14:57:40.965"/>
</kw>
<kw name="Element Should Contain" library="SeleniumLibrary">
<arg>${textKecepatanProduksiOnOrderListPage}</arg>
<arg>${KecepatanProduksi}</arg>
<doc>Verifies that element ``locator`` contains text ``expected``.</doc>
<msg timestamp="20250806 14:57:40.976" level="INFO">Element 'xpath=(//label[contains(text(),'Kecepatan Produksi')])[1]' contains text 'Reguler'.</msg>
<status status="PASS" starttime="20250806 14:57:40.965" endtime="20250806 14:57:40.976"/>
</kw>
<kw name="Element Should Contain" library="SeleniumLibrary">
<arg>${textModelOnOrderListPage}</arg>
<arg>${ModelKardus}</arg>
<doc>Verifies that element ``locator`` contains text ``expected``.</doc>
<msg timestamp="20250806 14:57:40.992" level="INFO">Element 'xpath=(//div[contains(text(),'Model')]/following-sibling::div[1])[1]' contains text 'Shipping Box'.</msg>
<status status="PASS" starttime="20250806 14:57:40.976" endtime="20250806 14:57:40.992"/>
</kw>
<kw name="Run Keyword If" library="BuiltIn">
<arg>'${MaterialTypeKardus}' == 'EcoKraft - Brown'</arg>
<arg>Element Should Contain</arg>
<arg>${textMaterialOnOrderListPage}</arg>
<arg>Brown Kraft</arg>
<arg>ELSE IF</arg>
<arg>'${MaterialTypeKardus}' == 'EcoKraft - White'</arg>
<arg>Element Should Contain</arg>
<arg>${textMaterialOnOrderListPage}</arg>
<arg>White Kraft</arg>
<arg>ELSE</arg>
<arg>Element Should Contain</arg>
<arg>${textMaterialOnOrderListPage}</arg>
<arg>Premium</arg>
<doc>Runs the given keyword with the given arguments, if ``condition`` is true.</doc>
<kw name="Element Should Contain" library="SeleniumLibrary">
<arg>${textMaterialOnOrderListPage}</arg>
<arg>Premium</arg>
<doc>Verifies that element ``locator`` contains text ``expected``.</doc>
<msg timestamp="20250806 14:57:41.009" level="INFO">Element 'xpath=(//div[text()='Material']/following-sibling::div[1])[1]' contains text 'Premium'.</msg>
<status status="PASS" starttime="20250806 14:57:40.993" endtime="20250806 14:57:41.009"/>
</kw>
<status status="PASS" starttime="20250806 14:57:40.992" endtime="20250806 14:57:41.009"/>
</kw>
<kw name="Element Should Contain" library="SeleniumLibrary">
<arg>${textGrandTotalOnOrderListPage}</arg>
<arg>${TotalAmount}</arg>
<doc>Verifies that element ``locator`` contains text ``expected``.</doc>
<msg timestamp="20250806 14:57:41.026" level="INFO">Element 'xpath=(//div[text()='Grand Total'])[1]/following-sibling::div' contains text '4,909,176'.</msg>
<status status="PASS" starttime="20250806 14:57:41.009" endtime="20250806 14:57:41.026"/>
</kw>
<kw name="Element Should Contain" library="SeleniumLibrary">
<arg>${textModelOnOrderListPage}</arg>
<arg>${FluteShipping}</arg>
<doc>Verifies that element ``locator`` contains text ``expected``.</doc>
<msg timestamp="20250806 14:57:41.039" level="INFO">Element 'xpath=(//div[contains(text(),'Model')]/following-sibling::div[1])[1]' contains text 'Single Wall'.</msg>
<status status="PASS" starttime="20250806 14:57:41.027" endtime="20250806 14:57:41.040"/>
</kw>
<status status="PASS" starttime="20250806 14:57:38.400" endtime="20250806 14:57:41.040"/>
</kw>
<status status="PASS" starttime="20250806 14:54:35.488" endtime="20250806 14:57:41.040"/>
</kw>
<kw name="Logout from kardoos" library="LoginTest" type="TEARDOWN">
<kw name="When user reload page" library="HomePage">
<kw name="Go To" library="SeleniumLibrary">
<arg>${KARDOOS_URL}</arg>
<doc>Navigates the current browser window to the provided ``url``.</doc>
<msg timestamp="20250806 14:57:41.041" level="INFO">Opening url 'https://dev.kardoos.co.id/'</msg>
<status status="PASS" starttime="20250806 14:57:41.041" endtime="20250806 14:57:41.802"/>
</kw>
<kw name="Reload Page" library="SeleniumLibrary">
<doc>Simulates user reloading page.</doc>
<status status="PASS" starttime="20250806 14:57:41.803" endtime="20250806 14:57:42.403"/>
</kw>
<status status="PASS" starttime="20250806 14:57:41.040" endtime="20250806 14:57:42.403"/>
</kw>
<kw name="And user click button logout" library="HomePage">
<kw name="Wait Until Element Is Visible" library="SeleniumLibrary">
<arg>${buttonLogout}</arg>
<doc>Waits until the element ``locator`` is visible.</doc>
<status status="PASS" starttime="20250806 14:57:42.405" endtime="20250806 14:57:42.652"/>
</kw>
<kw name="Scroll Element Into View" library="SeleniumLibrary">
<arg>${buttonLogout}</arg>
<doc>Scrolls the element identified by ``locator`` into view.</doc>
<status status="PASS" starttime="20250806 14:57:42.652" endtime="20250806 14:57:42.933"/>
</kw>
<kw name="Click Element" library="SeleniumLibrary">
<arg>${buttonLogout}</arg>
<doc>Click the element identified by ``locator``.</doc>
<msg timestamp="20250806 14:57:42.934" level="INFO">Clicking element 'xpath=//a[@href='/dashboard']//ancestor::div/following-sibling::*[name()='svg']'.</msg>
<status status="PASS" starttime="20250806 14:57:42.933" endtime="20250806 14:57:43.064"/>
</kw>
<status status="PASS" starttime="20250806 14:57:42.404" endtime="20250806 14:57:43.064"/>
</kw>
<kw name="And user confirm to logout" library="HomePage">
<kw name="Wait Until Element Is Visible" library="SeleniumLibrary">
<arg>${buttonConfirmLogout}</arg>
<doc>Waits until the element ``locator`` is visible.</doc>
<status status="PASS" starttime="20250806 14:57:43.065" endtime="20250806 14:57:43.095"/>
</kw>
<kw name="Click Element" library="SeleniumLibrary">
<arg>${buttonConfirmLogout}</arg>
<doc>Click the element identified by ``locator``.</doc>
<msg timestamp="20250806 14:57:43.096" level="INFO">Clicking element 'xpath=//button[@id='btn-ok']'.</msg>
<status status="PASS" starttime="20250806 14:57:43.095" endtime="20250806 14:57:43.668"/>
</kw>
<status status="PASS" starttime="20250806 14:57:43.064" endtime="20250806 14:57:43.668"/>
</kw>
<kw name="Then user success to logout" library="HomePage">
<kw name="Wait Until Element Is Not Visible" library="SeleniumLibrary">
<arg>${iconProfile}</arg>
<doc>Waits until the element ``locator`` is not visible.</doc>
<status status="PASS" starttime="20250806 14:57:43.669" endtime="20250806 14:57:43.696"/>
</kw>
<kw name="Element Should Not Be Visible" library="SeleniumLibrary">
<arg>${iconProfile}</arg>
<doc>Verifies that the element identified by ``locator`` is NOT visible.</doc>
<msg timestamp="20250806 14:57:43.765" level="INFO">Element 'xpath=//a[@href='/dashboard']' did not exist.</msg>
<status status="PASS" starttime="20250806 14:57:43.697" endtime="20250806 14:57:43.765"/>
</kw>
<status status="PASS" starttime="20250806 14:57:43.669" endtime="20250806 14:57:43.765"/>
</kw>
<status status="PASS" starttime="20250806 14:57:41.040" endtime="20250806 14:57:43.766"/>
</kw>
<doc>This scenario to test user can order shipping box with specific flute</doc>
<tag>dev</tag>
<tag>flute</tag>
<tag>instant</tag>
<tag>positive</tag>
<tag>staging</tag>
<tag>test</tag>
<status status="PASS" starttime="20250806 14:49:13.234" endtime="20250806 14:57:43.766"/>
</test>
<kw name="End Web Test" library="dev" type="TEARDOWN">
<kw name="Close Browser" library="SeleniumLibrary">
<doc>Closes the current browser.</doc>
<status status="PASS" starttime="20250806 14:57:43.768" endtime="20250806 14:57:44.207"/>
</kw>
<status status="PASS" starttime="20250806 14:57:43.767" endtime="20250806 14:57:44.207"/>
</kw>
<status status="PASS" starttime="20250806 14:49:09.837" endtime="20250806 14:57:44.207"/>
</suite>
<statistics>
<total>
<stat pass="1" fail="0" skip="0">All Tests</stat>
</total>
<tag>
<stat pass="1" fail="0" skip="0">dev</stat>
<stat pass="1" fail="0" skip="0">flute</stat>
<stat pass="1" fail="0" skip="0">instant</stat>
<stat pass="1" fail="0" skip="0">positive</stat>
<stat pass="1" fail="0" skip="0">staging</stat>
<stat pass="1" fail="0" skip="0">test</stat>
</tag>
<suite>
<stat pass="1" fail="0" skip="0" id="s1" name="InstantSuite">InstantSuite</stat>
</suite>
</statistics>
<errors>
</errors>
</robot>
